[07-Feb-2018 23:08:10 UTC] PHP Fatal error:  Call to undefined function getRandomColor() in /home/ubuntu/workspace/coregalado/practice/randomColor.php on line 51
[07-Feb-2018 23:08:10 UTC] PHP Stack trace:
[07-Feb-2018 23:08:10 UTC] PHP   1. {main}() /home/ubuntu/workspace/coregalado/practice/randomColor.php:0
[07-Feb-2018 23:08:11 UTC] PHP Fatal error:  Call to undefined function getRandomColor() in /home/ubuntu/workspace/coregalado/practice/randomColor.php on line 51
[07-Feb-2018 23:08:11 UTC] PHP Stack trace:
[07-Feb-2018 23:08:11 UTC] PHP   1. {main}() /home/ubuntu/workspace/coregalado/practice/randomColor.php:0
[07-Feb-2018 23:08:11 UTC] PHP Fatal error:  Call to undefined function getRandomColor() in /home/ubuntu/workspace/coregalado/practice/randomColor.php on line 51
[07-Feb-2018 23:08:11 UTC] PHP Stack trace:
[07-Feb-2018 23:08:11 UTC] PHP   1. {main}() /home/ubuntu/workspace/coregalado/practice/randomColor.php:0
[07-Feb-2018 23:08:12 UTC] PHP Fatal error:  Call to undefined function getRandomColor() in /home/ubuntu/workspace/coregalado/practice/randomColor.php on line 51
[07-Feb-2018 23:08:12 UTC] PHP Stack trace:
[07-Feb-2018 23:08:12 UTC] PHP   1. {main}() /home/ubuntu/workspace/coregalado/practice/randomColor.php:0
[07-Feb-2018 23:08:12 UTC] PHP Fatal error:  Call to undefined function getRandomColor() in /home/ubuntu/workspace/coregalado/practice/randomColor.php on line 51
[07-Feb-2018 23:08:12 UTC] PHP Stack trace:
[07-Feb-2018 23:08:12 UTC] PHP   1. {main}() /home/ubuntu/workspace/coregalado/practice/randomColor.php:0
[07-Feb-2018 23:08:13 UTC] PHP Fatal error:  Call to undefined function getRandomColor() in /home/ubuntu/workspace/coregalado/practice/randomColor.php on line 51
[07-Feb-2018 23:08:13 UTC] PHP Stack trace:
[07-Feb-2018 23:08:13 UTC] PHP   1. {main}() /home/ubuntu/workspace/coregalado/practice/randomColor.php:0
[07-Feb-2018 23:08:41 UTC] PHP Fatal error:  Call to undefined function getRandomColor() in /home/ubuntu/workspace/coregalado/practice/randomColor.php on line 51
[07-Feb-2018 23:08:41 UTC] PHP Stack trace:
[07-Feb-2018 23:08:41 UTC] PHP   1. {main}() /home/ubuntu/workspace/coregalado/practice/randomColor.php:0
[07-Feb-2018 23:08:42 UTC] PHP Fatal error:  Call to undefined function getRandomColor() in /home/ubuntu/workspace/coregalado/practice/randomColor.php on line 51
[07-Feb-2018 23:08:42 UTC] PHP Stack trace:
[07-Feb-2018 23:08:42 UTC] PHP   1. {main}() /home/ubuntu/workspace/coregalado/practice/randomColor.php:0
[07-Feb-2018 23:08:42 UTC] PHP Fatal error:  Call to undefined function getRandomColor() in /home/ubuntu/workspace/coregalado/practice/randomColor.php on line 51
[07-Feb-2018 23:08:42 UTC] PHP Stack trace:
[07-Feb-2018 23:08:42 UTC] PHP   1. {main}() /home/ubuntu/workspace/coregalado/practice/randomColor.php:0
[12-Feb-2018 23:15:14 UTC] PHP Parse error:  syntax error, unexpected 'function' (T_FUNCTION) in /home/ubuntu/workspace/coregalado/practice/php_arrays.php on line 46
[12-Feb-2018 23:15:17 UTC] PHP Parse error:  syntax error, unexpected 'function' (T_FUNCTION) in /home/ubuntu/workspace/coregalado/practice/php_arrays.php on line 46
[11-Apr-2018 22:05:04 UTC] PHP Warning:  include(../includes/dbConnection.php): failed to open stream: No such file or directory in /home/ubuntu/workspace/coregalado/336-bakery/menu.php on line 2
[11-Apr-2018 22:05:04 UTC] PHP Stack trace:
[11-Apr-2018 22:05:04 UTC] PHP   1. {main}() /home/ubuntu/workspace/coregalado/336-bakery/menu.php:0
[11-Apr-2018 22:05:04 UTC] PHP Warning:  include(): Failed opening '../includes/dbConnection.php' for inclusion (include_path='.:/usr/share/php:/usr/share/pear') in /home/ubuntu/workspace/coregalado/336-bakery/menu.php on line 2
[11-Apr-2018 22:05:04 UTC] PHP Stack trace:
[11-Apr-2018 22:05:04 UTC] PHP   1. {main}() /home/ubuntu/workspace/coregalado/336-bakery/menu.php:0
[11-Apr-2018 22:05:04 UTC] PHP Fatal error:  Call to undefined function getDatabaseConnection() in /home/ubuntu/workspace/coregalado/336-bakery/menu.php on line 9
[11-Apr-2018 22:05:04 UTC] PHP Stack trace:
[11-Apr-2018 22:05:04 UTC] PHP   1. {main}() /home/ubuntu/workspace/coregalado/336-bakery/menu.php:0
[11-Apr-2018 22:05:23 UTC] PHP Warning:  include(../includes/dbConnection.php): failed to open stream: No such file or directory in /home/ubuntu/workspace/coregalado/336-bakery/menu.php on line 2
[11-Apr-2018 22:05:23 UTC] PHP Stack trace:
[11-Apr-2018 22:05:23 UTC] PHP   1. {main}() /home/ubuntu/workspace/coregalado/336-bakery/menu.php:0
[11-Apr-2018 22:05:23 UTC] PHP Warning:  include(): Failed opening '../includes/dbConnection.php' for inclusion (include_path='.:/usr/share/php:/usr/share/pear') in /home/ubuntu/workspace/coregalado/336-bakery/menu.php on line 2
[11-Apr-2018 22:05:23 UTC] PHP Stack trace:
[11-Apr-2018 22:05:23 UTC] PHP   1. {main}() /home/ubuntu/workspace/coregalado/336-bakery/menu.php:0
[11-Apr-2018 22:05:23 UTC] PHP Fatal error:  Call to undefined function getDatabaseConnection() in /home/ubuntu/workspace/coregalado/336-bakery/menu.php on line 9
[11-Apr-2018 22:05:23 UTC] PHP Stack trace:
[11-Apr-2018 22:05:23 UTC] PHP   1. {main}() /home/ubuntu/workspace/coregalado/336-bakery/menu.php:0
[11-Apr-2018 22:05:25 UTC] PHP Warning:  include(../includes/dbConnection.php): failed to open stream: No such file or directory in /home/ubuntu/workspace/coregalado/336-bakery/menu.php on line 2
[11-Apr-2018 22:05:25 UTC] PHP Stack trace:
[11-Apr-2018 22:05:25 UTC] PHP   1. {main}() /home/ubuntu/workspace/coregalado/336-bakery/menu.php:0
[11-Apr-2018 22:05:25 UTC] PHP Warning:  include(): Failed opening '../includes/dbConnection.php' for inclusion (include_path='.:/usr/share/php:/usr/share/pear') in /home/ubuntu/workspace/coregalado/336-bakery/menu.php on line 2
[11-Apr-2018 22:05:25 UTC] PHP Stack trace:
[11-Apr-2018 22:05:25 UTC] PHP   1. {main}() /home/ubuntu/workspace/coregalado/336-bakery/menu.php:0
[11-Apr-2018 22:05:25 UTC] PHP Fatal error:  Call to undefined function getDatabaseConnection() in /home/ubuntu/workspace/coregalado/336-bakery/menu.php on line 9
[11-Apr-2018 22:05:25 UTC] PHP Stack trace:
[11-Apr-2018 22:05:25 UTC] PHP   1. {main}() /home/ubuntu/workspace/coregalado/336-bakery/menu.php:0
