[28-Feb-2018 23:44:07 UTC] PHP Parse error:  syntax error, unexpected '' (T_ENCAPSED_AND_WHITESPACE), expecting identifier (T_STRING) or variable (T_VARIABLE) or number (T_NUM_STRING) in /home/ubuntu/workspace/lab3/lab3/functions.php on line 125
[28-Feb-2018 23:44:08 UTC] PHP Parse error:  syntax error, unexpected '' (T_ENCAPSED_AND_WHITESPACE), expecting identifier (T_STRING) or variable (T_VARIABLE) or number (T_NUM_STRING) in /home/ubuntu/workspace/lab3/lab3/functions.php on line 125
[28-Feb-2018 23:44:14 UTC] PHP Parse error:  syntax error, unexpected '' (T_ENCAPSED_AND_WHITESPACE), expecting identifier (T_STRING) or variable (T_VARIABLE) or number (T_NUM_STRING) in /home/ubuntu/workspace/lab3/lab3/functions.php on line 125
[28-Feb-2018 23:44:16 UTC] PHP Parse error:  syntax error, unexpected '' (T_ENCAPSED_AND_WHITESPACE), expecting identifier (T_STRING) or variable (T_VARIABLE) or number (T_NUM_STRING) in /home/ubuntu/workspace/lab3/lab3/functions.php on line 125
[28-Feb-2018 23:44:17 UTC] PHP Parse error:  syntax error, unexpected '' (T_ENCAPSED_AND_WHITESPACE), expecting identifier (T_STRING) or variable (T_VARIABLE) or number (T_NUM_STRING) in /home/ubuntu/workspace/lab3/lab3/functions.php on line 125
[01-Mar-2018 01:27:43 UTC] PHP Fatal error:  Maximum execution time of 300 seconds exceeded in /home/ubuntu/workspace/lab3/lab3/functions.php on line 83
[01-Mar-2018 01:27:43 UTC] PHP Stack trace:
[01-Mar-2018 01:27:43 UTC] PHP   1. {main}() /home/ubuntu/workspace/lab3/lab3/index.php:0
[01-Mar-2018 01:27:43 UTC] PHP   2. demo() /home/ubuntu/workspace/lab3/lab3/index.php:18
[01-Mar-2018 01:27:43 UTC] PHP   3. Player::doExtraDraws() /home/ubuntu/workspace/lab3/lab3/functions.php:115
[02-Mar-2018 03:02:32 UTC] PHP Fatal error:  Call to undefined function getPath() in /home/ubuntu/workspace/lab3/lab3/inc/functions.php on line 59
[02-Mar-2018 03:02:32 UTC] PHP Stack trace:
[02-Mar-2018 03:02:32 UTC] PHP   1. {main}() /home/ubuntu/workspace/lab3/lab3/index.php:0
[02-Mar-2018 03:02:32 UTC] PHP   2. demo() /home/ubuntu/workspace/lab3/lab3/index.php:23
[02-Mar-2018 03:02:32 UTC] PHP   3. Player::initDraw() /home/ubuntu/workspace/lab3/lab3/inc/functions.php:115
[02-Mar-2018 03:02:32 UTC] PHP   4. Player->draw() /home/ubuntu/workspace/lab3/lab3/inc/functions.php:76
[02-Mar-2018 03:02:46 UTC] PHP Fatal error:  Call to undefined function getPath() in /home/ubuntu/workspace/lab3/lab3/inc/functions.php on line 59
[02-Mar-2018 03:02:46 UTC] PHP Stack trace:
[02-Mar-2018 03:02:46 UTC] PHP   1. {main}() /home/ubuntu/workspace/lab3/lab3/index.php:0
[02-Mar-2018 03:02:46 UTC] PHP   2. demo() /home/ubuntu/workspace/lab3/lab3/index.php:23
[02-Mar-2018 03:02:46 UTC] PHP   3. Player::initDraw() /home/ubuntu/workspace/lab3/lab3/inc/functions.php:115
[02-Mar-2018 03:02:46 UTC] PHP   4. Player->draw() /home/ubuntu/workspace/lab3/lab3/inc/functions.php:76
[02-Mar-2018 03:03:57 UTC] PHP Catchable fatal error:  Object of class Card could not be converted to string in /home/ubuntu/workspace/lab3/lab3/inc/functions.php on line 59
[02-Mar-2018 03:03:57 UTC] PHP Stack trace:
[02-Mar-2018 03:03:57 UTC] PHP   1. {main}() /home/ubuntu/workspace/lab3/lab3/index.php:0
[02-Mar-2018 03:03:57 UTC] PHP   2. demo() /home/ubuntu/workspace/lab3/lab3/index.php:23
[02-Mar-2018 03:03:57 UTC] PHP   3. Player::initDraw() /home/ubuntu/workspace/lab3/lab3/inc/functions.php:115
[02-Mar-2018 03:03:57 UTC] PHP   4. Player->draw() /home/ubuntu/workspace/lab3/lab3/inc/functions.php:76
[02-Mar-2018 03:17:59 UTC] PHP Fatal error:  Access to undeclared static property: Player::$hand in /home/ubuntu/workspace/lab3/lab3/inc/functions.php on line 119
[02-Mar-2018 03:17:59 UTC] PHP Stack trace:
[02-Mar-2018 03:17:59 UTC] PHP   1. {main}() /home/ubuntu/workspace/lab3/lab3/index.php:0
[02-Mar-2018 03:17:59 UTC] PHP   2. demo() /home/ubuntu/workspace/lab3/lab3/index.php:23
[02-Mar-2018 03:19:48 UTC] PHP Warning:  Invalid argument supplied for foreach() in /home/ubuntu/workspace/lab3/lab3/inc/functions.php on line 119
[02-Mar-2018 03:19:48 UTC] PHP Stack trace:
[02-Mar-2018 03:19:48 UTC] PHP   1. {main}() /home/ubuntu/workspace/lab3/lab3/index.php:0
[02-Mar-2018 03:19:48 UTC] PHP   2. demo() /home/ubuntu/workspace/lab3/lab3/index.php:23
[02-Mar-2018 03:19:48 UTC] PHP Warning:  Invalid argument supplied for foreach() in /home/ubuntu/workspace/lab3/lab3/inc/functions.php on line 119
[02-Mar-2018 03:19:48 UTC] PHP Stack trace:
[02-Mar-2018 03:19:48 UTC] PHP   1. {main}() /home/ubuntu/workspace/lab3/lab3/index.php:0
[02-Mar-2018 03:19:48 UTC] PHP   2. demo() /home/ubuntu/workspace/lab3/lab3/index.php:23
[02-Mar-2018 03:19:48 UTC] PHP Warning:  Invalid argument supplied for foreach() in /home/ubuntu/workspace/lab3/lab3/inc/functions.php on line 119
[02-Mar-2018 03:19:48 UTC] PHP Stack trace:
[02-Mar-2018 03:19:48 UTC] PHP   1. {main}() /home/ubuntu/workspace/lab3/lab3/index.php:0
[02-Mar-2018 03:19:48 UTC] PHP   2. demo() /home/ubuntu/workspace/lab3/lab3/index.php:23
[02-Mar-2018 03:19:48 UTC] PHP Warning:  Invalid argument supplied for foreach() in /home/ubuntu/workspace/lab3/lab3/inc/functions.php on line 119
[02-Mar-2018 03:19:48 UTC] PHP Stack trace:
[02-Mar-2018 03:19:48 UTC] PHP   1. {main}() /home/ubuntu/workspace/lab3/lab3/index.php:0
[02-Mar-2018 03:19:48 UTC] PHP   2. demo() /home/ubuntu/workspace/lab3/lab3/index.php:23
[02-Mar-2018 03:22:19 UTC] PHP Fatal error:  Access to undeclared static property: Player::$hand in /home/ubuntu/workspace/lab3/lab3/inc/functions.php on line 119
[02-Mar-2018 03:22:19 UTC] PHP Stack trace:
[02-Mar-2018 03:22:19 UTC] PHP   1. {main}() /home/ubuntu/workspace/lab3/lab3/index.php:0
[02-Mar-2018 03:22:19 UTC] PHP   2. demo() /home/ubuntu/workspace/lab3/lab3/index.php:23
[02-Mar-2018 07:56:22 UTC] PHP Warning:  Invalid argument supplied for foreach() in /home/ubuntu/workspace/lab3/lab3/inc/functions.php on line 122
[02-Mar-2018 07:56:22 UTC] PHP Stack trace:
[02-Mar-2018 07:56:22 UTC] PHP   1. {main}() /home/ubuntu/workspace/lab3/lab3/index.php:0
[02-Mar-2018 07:56:22 UTC] PHP   2. demo() /home/ubuntu/workspace/lab3/lab3/index.php:23
[02-Mar-2018 07:56:22 UTC] PHP Warning:  Invalid argument supplied for foreach() in /home/ubuntu/workspace/lab3/lab3/inc/functions.php on line 122
[02-Mar-2018 07:56:22 UTC] PHP Stack trace:
[02-Mar-2018 07:56:22 UTC] PHP   1. {main}() /home/ubuntu/workspace/lab3/lab3/index.php:0
[02-Mar-2018 07:56:22 UTC] PHP   2. demo() /home/ubuntu/workspace/lab3/lab3/index.php:23
[02-Mar-2018 07:56:22 UTC] PHP Warning:  Invalid argument supplied for foreach() in /home/ubuntu/workspace/lab3/lab3/inc/functions.php on line 122
[02-Mar-2018 07:56:22 UTC] PHP Stack trace:
[02-Mar-2018 07:56:22 UTC] PHP   1. {main}() /home/ubuntu/workspace/lab3/lab3/index.php:0
[02-Mar-2018 07:56:22 UTC] PHP   2. demo() /home/ubuntu/workspace/lab3/lab3/index.php:23
[02-Mar-2018 07:56:22 UTC] PHP Warning:  Invalid argument supplied for foreach() in /home/ubuntu/workspace/lab3/lab3/inc/functions.php on line 122
[02-Mar-2018 07:56:22 UTC] PHP Stack trace:
[02-Mar-2018 07:56:22 UTC] PHP   1. {main}() /home/ubuntu/workspace/lab3/lab3/index.php:0
[02-Mar-2018 07:56:22 UTC] PHP   2. demo() /home/ubuntu/workspace/lab3/lab3/index.php:23
[02-Mar-2018 07:56:37 UTC] PHP Fatal error:  Access to undeclared static property: Player::$hand in /home/ubuntu/workspace/lab3/lab3/inc/functions.php on line 122
[02-Mar-2018 07:56:37 UTC] PHP Stack trace:
[02-Mar-2018 07:56:37 UTC] PHP   1. {main}() /home/ubuntu/workspace/lab3/lab3/index.php:0
[02-Mar-2018 07:56:37 UTC] PHP   2. demo() /home/ubuntu/workspace/lab3/lab3/index.php:23
[02-Mar-2018 08:17:02 UTC] PHP Warning:  Invalid argument supplied for foreach() in /home/ubuntu/workspace/lab3/lab3/inc/functions.php on line 122
[02-Mar-2018 08:17:02 UTC] PHP Stack trace:
[02-Mar-2018 08:17:02 UTC] PHP   1. {main}() /home/ubuntu/workspace/lab3/lab3/index.php:0
[02-Mar-2018 08:17:02 UTC] PHP   2. demo() /home/ubuntu/workspace/lab3/lab3/index.php:23
[02-Mar-2018 08:17:02 UTC] PHP Warning:  Invalid argument supplied for foreach() in /home/ubuntu/workspace/lab3/lab3/inc/functions.php on line 122
[02-Mar-2018 08:17:02 UTC] PHP Stack trace:
[02-Mar-2018 08:17:02 UTC] PHP   1. {main}() /home/ubuntu/workspace/lab3/lab3/index.php:0
[02-Mar-2018 08:17:02 UTC] PHP   2. demo() /home/ubuntu/workspace/lab3/lab3/index.php:23
[02-Mar-2018 08:17:02 UTC] PHP Warning:  Invalid argument supplied for foreach() in /home/ubuntu/workspace/lab3/lab3/inc/functions.php on line 122
[02-Mar-2018 08:17:02 UTC] PHP Stack trace:
[02-Mar-2018 08:17:02 UTC] PHP   1. {main}() /home/ubuntu/workspace/lab3/lab3/index.php:0
[02-Mar-2018 08:17:02 UTC] PHP   2. demo() /home/ubuntu/workspace/lab3/lab3/index.php:23
[02-Mar-2018 08:17:02 UTC] PHP Warning:  Invalid argument supplied for foreach() in /home/ubuntu/workspace/lab3/lab3/inc/functions.php on line 122
[02-Mar-2018 08:17:02 UTC] PHP Stack trace:
[02-Mar-2018 08:17:02 UTC] PHP   1. {main}() /home/ubuntu/workspace/lab3/lab3/index.php:0
[02-Mar-2018 08:17:02 UTC] PHP   2. demo() /home/ubuntu/workspace/lab3/lab3/index.php:23
[03-Mar-2018 21:17:00 UTC] PHP Fatal error:  Call to undefined function play() in /home/ubuntu/workspace/lab3/lab3/index.php on line 18
[03-Mar-2018 21:17:00 UTC] PHP Stack trace:
[03-Mar-2018 21:17:00 UTC] PHP   1. {main}() /home/ubuntu/workspace/lab3/lab3/index.php:0
[03-Mar-2018 21:28:50 UTC] PHP Warning:  shuffle() expects parameter 1 to be array, null given in /home/ubuntu/workspace/lab3/lab3/inc/functions.php on line 117
[03-Mar-2018 21:28:50 UTC] PHP Stack trace:
[03-Mar-2018 21:28:50 UTC] PHP   1. {main}() /home/ubuntu/workspace/lab3/lab3/index.php:0
[03-Mar-2018 21:28:50 UTC] PHP   2. demo() /home/ubuntu/workspace/lab3/lab3/index.php:18
[03-Mar-2018 21:28:50 UTC] PHP   3. shuffle() /home/ubuntu/workspace/lab3/lab3/inc/functions.php:117
[03-Mar-2018 21:28:50 UTC] PHP Fatal error:  Call to a member function draw() on a non-object in /home/ubuntu/workspace/lab3/lab3/inc/functions.php on line 76
[03-Mar-2018 21:28:50 UTC] PHP Stack trace:
[03-Mar-2018 21:28:50 UTC] PHP   1. {main}() /home/ubuntu/workspace/lab3/lab3/index.php:0
[03-Mar-2018 21:28:50 UTC] PHP   2. demo() /home/ubuntu/workspace/lab3/lab3/index.php:18
[03-Mar-2018 21:28:50 UTC] PHP   3. Player::initDraw() /home/ubuntu/workspace/lab3/lab3/inc/functions.php:118
