[20-Feb-2018 19:32:04 UTC] PHP Parse error:  syntax error, unexpected '}' in /home/ubuntu/workspace/coregalado/hw/hw2/index.php on line 91
[20-Feb-2018 19:32:18 UTC] PHP Fatal error:  Call to undefined function displayRound() in /home/ubuntu/workspace/coregalado/hw/hw2/index.php on line 90
[20-Feb-2018 19:32:18 UTC] PHP Stack trace:
[20-Feb-2018 19:32:18 UTC] PHP   1. {main}() /home/ubuntu/workspace/coregalado/hw/hw2/index.php:0
[20-Feb-2018 19:33:20 UTC] PHP Fatal error:  Call to undefined function displayRound() in /home/ubuntu/workspace/coregalado/hw/hw2/index.php on line 90
[20-Feb-2018 19:33:20 UTC] PHP Stack trace:
[20-Feb-2018 19:33:20 UTC] PHP   1. {main}() /home/ubuntu/workspace/coregalado/hw/hw2/index.php:0
[20-Feb-2018 19:33:49 UTC] PHP Fatal error:  Call to undefined function displayRound() in /home/ubuntu/workspace/coregalado/hw/hw2/index.php on line 89
[20-Feb-2018 19:33:49 UTC] PHP Stack trace:
[20-Feb-2018 19:33:49 UTC] PHP   1. {main}() /home/ubuntu/workspace/coregalado/hw/hw2/index.php:0
[20-Feb-2018 19:33:54 UTC] PHP Fatal error:  Call to undefined function displayRound() in /home/ubuntu/workspace/coregalado/hw/hw2/index.php on line 89
[20-Feb-2018 19:33:54 UTC] PHP Stack trace:
[20-Feb-2018 19:33:54 UTC] PHP   1. {main}() /home/ubuntu/workspace/coregalado/hw/hw2/index.php:0
[20-Feb-2018 19:34:40 UTC] PHP Fatal error:  Call to undefined function displayRound() in /home/ubuntu/workspace/coregalado/hw/hw2/index.php on line 89
[20-Feb-2018 19:34:40 UTC] PHP Stack trace:
[20-Feb-2018 19:34:40 UTC] PHP   1. {main}() /home/ubuntu/workspace/coregalado/hw/hw2/index.php:0
[20-Feb-2018 19:34:47 UTC] PHP Fatal error:  Call to undefined function displayRound() in /home/ubuntu/workspace/coregalado/hw/hw2/index.php on line 89
[20-Feb-2018 19:34:47 UTC] PHP Stack trace:
[20-Feb-2018 19:34:47 UTC] PHP   1. {main}() /home/ubuntu/workspace/coregalado/hw/hw2/index.php:0
[20-Feb-2018 19:34:47 UTC] PHP Fatal error:  Call to undefined function displayRound() in /home/ubuntu/workspace/coregalado/hw/hw2/index.php on line 89
[20-Feb-2018 19:34:47 UTC] PHP Stack trace:
[20-Feb-2018 19:34:47 UTC] PHP   1. {main}() /home/ubuntu/workspace/coregalado/hw/hw2/index.php:0
[20-Feb-2018 19:34:48 UTC] PHP Fatal error:  Call to undefined function displayRound() in /home/ubuntu/workspace/coregalado/hw/hw2/index.php on line 89
[20-Feb-2018 19:34:48 UTC] PHP Stack trace:
[20-Feb-2018 19:34:48 UTC] PHP   1. {main}() /home/ubuntu/workspace/coregalado/hw/hw2/index.php:0
[20-Feb-2018 19:35:07 UTC] PHP Parse error:  syntax error, unexpected '}', expecting ',' or ';' in /home/ubuntu/workspace/coregalado/hw/hw2/index.php on line 29
[20-Feb-2018 19:35:22 UTC] PHP Parse error:  syntax error, unexpected '}', expecting ',' or ';' in /home/ubuntu/workspace/coregalado/hw/hw2/index.php on line 59
[20-Feb-2018 19:39:33 UTC] PHP Parse error:  syntax error, unexpected '}', expecting ',' or ';' in /home/ubuntu/workspace/coregalado/hw/hw2/index.php on line 91
[21-Feb-2018 00:33:42 UTC] PHP Warning:  Missing argument 1 for getWinner(), called in /home/ubuntu/workspace/coregalado/hw/hw2/index.php on line 96 and defined in /home/ubuntu/workspace/coregalado/hw/hw2/index.php on line 20
[21-Feb-2018 00:33:42 UTC] PHP Stack trace:
[21-Feb-2018 00:33:42 UTC] PHP   1. {main}() /home/ubuntu/workspace/coregalado/hw/hw2/index.php:0
[21-Feb-2018 00:33:42 UTC] PHP   2. getWinner() /home/ubuntu/workspace/coregalado/hw/hw2/index.php:96
[21-Feb-2018 00:33:42 UTC] PHP Warning:  Missing argument 2 for getWinner(), called in /home/ubuntu/workspace/coregalado/hw/hw2/index.php on line 96 and defined in /home/ubuntu/workspace/coregalado/hw/hw2/index.php on line 20
[21-Feb-2018 00:33:42 UTC] PHP Stack trace:
[21-Feb-2018 00:33:42 UTC] PHP   1. {main}() /home/ubuntu/workspace/coregalado/hw/hw2/index.php:0
[21-Feb-2018 00:33:42 UTC] PHP   2. getWinner() /home/ubuntu/workspace/coregalado/hw/hw2/index.php:96
[21-Feb-2018 03:21:44 UTC] PHP Fatal error:  Allowed memory size of 134217728 bytes exhausted (tried to allocate 72 bytes) in /home/ubuntu/workspace/coregalado/hw/hw2/index.php on line 25
[21-Feb-2018 03:21:44 UTC] PHP Stack trace:
[21-Feb-2018 03:21:44 UTC] PHP   1. {main}() /home/ubuntu/workspace/coregalado/hw/hw2/index.php:0
[21-Feb-2018 03:21:44 UTC] PHP   2. array_push() /home/ubuntu/workspace/coregalado/hw/hw2/index.php:25
[21-Feb-2018 03:23:19 UTC] PHP Fatal error:  Allowed memory size of 134217728 bytes exhausted (tried to allocate 72 bytes) in /home/ubuntu/workspace/coregalado/hw/hw2/index.php on line 25
[21-Feb-2018 03:23:19 UTC] PHP Stack trace:
[21-Feb-2018 03:23:19 UTC] PHP   1. {main}() /home/ubuntu/workspace/coregalado/hw/hw2/index.php:0
[21-Feb-2018 03:23:19 UTC] PHP   2. array_push() /home/ubuntu/workspace/coregalado/hw/hw2/index.php:25
[21-Feb-2018 03:24:15 UTC] PHP Fatal error:  Allowed memory size of 134217728 bytes exhausted (tried to allocate 72 bytes) in /home/ubuntu/workspace/coregalado/hw/hw2/index.php on line 25
[21-Feb-2018 03:24:15 UTC] PHP Stack trace:
[21-Feb-2018 03:24:15 UTC] PHP   1. {main}() /home/ubuntu/workspace/coregalado/hw/hw2/index.php:0
[21-Feb-2018 03:24:15 UTC] PHP   2. array_push() /home/ubuntu/workspace/coregalado/hw/hw2/index.php:25
[21-Feb-2018 03:26:23 UTC] PHP Fatal error:  Allowed memory size of 134217728 bytes exhausted (tried to allocate 32 bytes) in /home/ubuntu/workspace/coregalado/hw/hw2/index.php on line 26
[21-Feb-2018 03:26:23 UTC] PHP Stack trace:
[21-Feb-2018 03:26:23 UTC] PHP   1. {main}() /home/ubuntu/workspace/coregalado/hw/hw2/index.php:0
[21-Feb-2018 03:27:36 UTC] PHP Fatal error:  Allowed memory size of 134217728 bytes exhausted (tried to allocate 32 bytes) in /home/ubuntu/workspace/coregalado/hw/hw2/index.php on line 26
[21-Feb-2018 03:27:36 UTC] PHP Stack trace:
[21-Feb-2018 03:27:36 UTC] PHP   1. {main}() /home/ubuntu/workspace/coregalado/hw/hw2/index.php:0
