[05-Feb-2018 23:05:29 UTC] PHP Parse error:  syntax error, unexpected ''Lemon'' (T_CONSTANT_ENCAPSED_STRING), expecting ',' or ';' in /home/ubuntu/workspace/coregalado/labs/lab2/index.php on line 12
[12-Feb-2018 21:03:39 UTC] PHP Warning:  rand() expects exactly 2 parameters, 1 given in /home/ubuntu/workspace/coregalado/labs/lab2/index.php on line 7
[12-Feb-2018 21:03:39 UTC] PHP Stack trace:
[12-Feb-2018 21:03:39 UTC] PHP   1. {main}() /home/ubuntu/workspace/coregalado/labs/lab2/index.php:0
[12-Feb-2018 21:03:39 UTC] PHP   2. play() /home/ubuntu/workspace/coregalado/labs/lab2/index.php:37
[12-Feb-2018 21:03:39 UTC] PHP   3. rand() /home/ubuntu/workspace/coregalado/labs/lab2/index.php:7
[12-Feb-2018 21:03:39 UTC] PHP Warning:  rand() expects exactly 2 parameters, 1 given in /home/ubuntu/workspace/coregalado/labs/lab2/index.php on line 7
[12-Feb-2018 21:03:39 UTC] PHP Stack trace:
[12-Feb-2018 21:03:39 UTC] PHP   1. {main}() /home/ubuntu/workspace/coregalado/labs/lab2/index.php:0
[12-Feb-2018 21:03:39 UTC] PHP   2. play() /home/ubuntu/workspace/coregalado/labs/lab2/index.php:37
[12-Feb-2018 21:03:39 UTC] PHP   3. rand() /home/ubuntu/workspace/coregalado/labs/lab2/index.php:7
[12-Feb-2018 21:03:39 UTC] PHP Warning:  rand() expects exactly 2 parameters, 1 given in /home/ubuntu/workspace/coregalado/labs/lab2/index.php on line 7
[12-Feb-2018 21:03:39 UTC] PHP Stack trace:
[12-Feb-2018 21:03:39 UTC] PHP   1. {main}() /home/ubuntu/workspace/coregalado/labs/lab2/index.php:0
[12-Feb-2018 21:03:39 UTC] PHP   2. play() /home/ubuntu/workspace/coregalado/labs/lab2/index.php:37
[12-Feb-2018 21:03:39 UTC] PHP   3. rand() /home/ubuntu/workspace/coregalado/labs/lab2/index.php:7
[12-Feb-2018 21:03:58 UTC] PHP Warning:  rand() expects exactly 2 parameters, 1 given in /home/ubuntu/workspace/coregalado/labs/lab2/index.php on line 7
[12-Feb-2018 21:03:58 UTC] PHP Stack trace:
[12-Feb-2018 21:03:58 UTC] PHP   1. {main}() /home/ubuntu/workspace/coregalado/labs/lab2/index.php:0
[12-Feb-2018 21:03:58 UTC] PHP   2. play() /home/ubuntu/workspace/coregalado/labs/lab2/index.php:37
[12-Feb-2018 21:03:58 UTC] PHP   3. rand() /home/ubuntu/workspace/coregalado/labs/lab2/index.php:7
[12-Feb-2018 21:03:58 UTC] PHP Warning:  rand() expects exactly 2 parameters, 1 given in /home/ubuntu/workspace/coregalado/labs/lab2/index.php on line 7
[12-Feb-2018 21:03:58 UTC] PHP Stack trace:
[12-Feb-2018 21:03:58 UTC] PHP   1. {main}() /home/ubuntu/workspace/coregalado/labs/lab2/index.php:0
[12-Feb-2018 21:03:58 UTC] PHP   2. play() /home/ubuntu/workspace/coregalado/labs/lab2/index.php:37
[12-Feb-2018 21:03:58 UTC] PHP   3. rand() /home/ubuntu/workspace/coregalado/labs/lab2/index.php:7
[12-Feb-2018 21:03:58 UTC] PHP Warning:  rand() expects exactly 2 parameters, 1 given in /home/ubuntu/workspace/coregalado/labs/lab2/index.php on line 7
[12-Feb-2018 21:03:58 UTC] PHP Stack trace:
[12-Feb-2018 21:03:58 UTC] PHP   1. {main}() /home/ubuntu/workspace/coregalado/labs/lab2/index.php:0
[12-Feb-2018 21:03:58 UTC] PHP   2. play() /home/ubuntu/workspace/coregalado/labs/lab2/index.php:37
[12-Feb-2018 21:03:58 UTC] PHP   3. rand() /home/ubuntu/workspace/coregalado/labs/lab2/index.php:7
[12-Feb-2018 21:03:59 UTC] PHP Warning:  rand() expects exactly 2 parameters, 1 given in /home/ubuntu/workspace/coregalado/labs/lab2/index.php on line 7
[12-Feb-2018 21:03:59 UTC] PHP Stack trace:
[12-Feb-2018 21:03:59 UTC] PHP   1. {main}() /home/ubuntu/workspace/coregalado/labs/lab2/index.php:0
[12-Feb-2018 21:03:59 UTC] PHP   2. play() /home/ubuntu/workspace/coregalado/labs/lab2/index.php:37
[12-Feb-2018 21:03:59 UTC] PHP   3. rand() /home/ubuntu/workspace/coregalado/labs/lab2/index.php:7
[12-Feb-2018 21:03:59 UTC] PHP Warning:  rand() expects exactly 2 parameters, 1 given in /home/ubuntu/workspace/coregalado/labs/lab2/index.php on line 7
[12-Feb-2018 21:03:59 UTC] PHP Stack trace:
[12-Feb-2018 21:03:59 UTC] PHP   1. {main}() /home/ubuntu/workspace/coregalado/labs/lab2/index.php:0
[12-Feb-2018 21:03:59 UTC] PHP   2. play() /home/ubuntu/workspace/coregalado/labs/lab2/index.php:37
[12-Feb-2018 21:03:59 UTC] PHP   3. rand() /home/ubuntu/workspace/coregalado/labs/lab2/index.php:7
[12-Feb-2018 21:03:59 UTC] PHP Warning:  rand() expects exactly 2 parameters, 1 given in /home/ubuntu/workspace/coregalado/labs/lab2/index.php on line 7
[12-Feb-2018 21:03:59 UTC] PHP Stack trace:
[12-Feb-2018 21:03:59 UTC] PHP   1. {main}() /home/ubuntu/workspace/coregalado/labs/lab2/index.php:0
[12-Feb-2018 21:03:59 UTC] PHP   2. play() /home/ubuntu/workspace/coregalado/labs/lab2/index.php:37
[12-Feb-2018 21:03:59 UTC] PHP   3. rand() /home/ubuntu/workspace/coregalado/labs/lab2/index.php:7
[12-Feb-2018 21:04:00 UTC] PHP Warning:  rand() expects exactly 2 parameters, 1 given in /home/ubuntu/workspace/coregalado/labs/lab2/index.php on line 7
[12-Feb-2018 21:04:00 UTC] PHP Stack trace:
[12-Feb-2018 21:04:00 UTC] PHP   1. {main}() /home/ubuntu/workspace/coregalado/labs/lab2/index.php:0
[12-Feb-2018 21:04:00 UTC] PHP   2. play() /home/ubuntu/workspace/coregalado/labs/lab2/index.php:37
[12-Feb-2018 21:04:00 UTC] PHP   3. rand() /home/ubuntu/workspace/coregalado/labs/lab2/index.php:7
[12-Feb-2018 21:04:00 UTC] PHP Warning:  rand() expects exactly 2 parameters, 1 given in /home/ubuntu/workspace/coregalado/labs/lab2/index.php on line 7
[12-Feb-2018 21:04:00 UTC] PHP Stack trace:
[12-Feb-2018 21:04:00 UTC] PHP   1. {main}() /home/ubuntu/workspace/coregalado/labs/lab2/index.php:0
[12-Feb-2018 21:04:00 UTC] PHP   2. play() /home/ubuntu/workspace/coregalado/labs/lab2/index.php:37
[12-Feb-2018 21:04:00 UTC] PHP   3. rand() /home/ubuntu/workspace/coregalado/labs/lab2/index.php:7
[12-Feb-2018 21:04:00 UTC] PHP Warning:  rand() expects exactly 2 parameters, 1 given in /home/ubuntu/workspace/coregalado/labs/lab2/index.php on line 7
[12-Feb-2018 21:04:00 UTC] PHP Stack trace:
[12-Feb-2018 21:04:00 UTC] PHP   1. {main}() /home/ubuntu/workspace/coregalado/labs/lab2/index.php:0
[12-Feb-2018 21:04:00 UTC] PHP   2. play() /home/ubuntu/workspace/coregalado/labs/lab2/index.php:37
[12-Feb-2018 21:04:00 UTC] PHP   3. rand() /home/ubuntu/workspace/coregalado/labs/lab2/index.php:7
[12-Feb-2018 21:04:00 UTC] PHP Warning:  rand() expects exactly 2 parameters, 1 given in /home/ubuntu/workspace/coregalado/labs/lab2/index.php on line 7
[12-Feb-2018 21:04:00 UTC] PHP Stack trace:
[12-Feb-2018 21:04:00 UTC] PHP   1. {main}() /home/ubuntu/workspace/coregalado/labs/lab2/index.php:0
[12-Feb-2018 21:04:00 UTC] PHP   2. play() /home/ubuntu/workspace/coregalado/labs/lab2/index.php:37
[12-Feb-2018 21:04:00 UTC] PHP   3. rand() /home/ubuntu/workspace/coregalado/labs/lab2/index.php:7
[12-Feb-2018 21:04:00 UTC] PHP Warning:  rand() expects exactly 2 parameters, 1 given in /home/ubuntu/workspace/coregalado/labs/lab2/index.php on line 7
[12-Feb-2018 21:04:00 UTC] PHP Stack trace:
[12-Feb-2018 21:04:00 UTC] PHP   1. {main}() /home/ubuntu/workspace/coregalado/labs/lab2/index.php:0
[12-Feb-2018 21:04:00 UTC] PHP   2. play() /home/ubuntu/workspace/coregalado/labs/lab2/index.php:37
[12-Feb-2018 21:04:00 UTC] PHP   3. rand() /home/ubuntu/workspace/coregalado/labs/lab2/index.php:7
[12-Feb-2018 21:04:00 UTC] PHP Warning:  rand() expects exactly 2 parameters, 1 given in /home/ubuntu/workspace/coregalado/labs/lab2/index.php on line 7
[12-Feb-2018 21:04:00 UTC] PHP Stack trace:
[12-Feb-2018 21:04:00 UTC] PHP   1. {main}() /home/ubuntu/workspace/coregalado/labs/lab2/index.php:0
[12-Feb-2018 21:04:00 UTC] PHP   2. play() /home/ubuntu/workspace/coregalado/labs/lab2/index.php:37
[12-Feb-2018 21:04:00 UTC] PHP   3. rand() /home/ubuntu/workspace/coregalado/labs/lab2/index.php:7
[17-Feb-2018 21:44:54 UTC] PHP Parse error:  syntax error, unexpected ',' in /home/ubuntu/workspace/coregalado/labs/lab2/inc/functions.php on line 6
[17-Feb-2018 21:44:54 UTC] PHP Stack trace:
[17-Feb-2018 21:44:54 UTC] PHP   1. {main}() /home/ubuntu/workspace/coregalado/labs/lab2/index.php:0
[21-Feb-2018 23:42:55 UTC] PHP Parse error:  syntax error, unexpected end of file in /home/ubuntu/workspace/coregalado/labs/lab4/index.php on line 84
[26-Feb-2018 23:27:39 UTC] PHP Warning:  Missing argument 1 for checkCategory(), called in /home/ubuntu/workspace/coregalado/labs/lab4/index.php on line 106 and defined in /home/ubuntu/workspace/coregalado/labs/lab4/index.php on line 14
[26-Feb-2018 23:27:39 UTC] PHP Stack trace:
[26-Feb-2018 23:27:39 UTC] PHP   1. {main}() /home/ubuntu/workspace/coregalado/labs/lab4/index.php:0
[26-Feb-2018 23:27:39 UTC] PHP   2. checkCategory() /home/ubuntu/workspace/coregalado/labs/lab4/index.php:106
[26-Feb-2018 23:27:47 UTC] PHP Warning:  Missing argument 1 for checkCategory(), called in /home/ubuntu/workspace/coregalado/labs/lab4/index.php on line 106 and defined in /home/ubuntu/workspace/coregalado/labs/lab4/index.php on line 14
[26-Feb-2018 23:27:47 UTC] PHP Stack trace:
[26-Feb-2018 23:27:47 UTC] PHP   1. {main}() /home/ubuntu/workspace/coregalado/labs/lab4/index.php:0
[26-Feb-2018 23:27:47 UTC] PHP   2. checkCategory() /home/ubuntu/workspace/coregalado/labs/lab4/index.php:106
[26-Feb-2018 23:27:57 UTC] PHP Warning:  Missing argument 1 for checkCategory(), called in /home/ubuntu/workspace/coregalado/labs/lab4/index.php on line 106 and defined in /home/ubuntu/workspace/coregalado/labs/lab4/index.php on line 14
[26-Feb-2018 23:27:57 UTC] PHP Stack trace:
[26-Feb-2018 23:27:57 UTC] PHP   1. {main}() /home/ubuntu/workspace/coregalado/labs/lab4/index.php:0
[26-Feb-2018 23:27:57 UTC] PHP   2. checkCategory() /home/ubuntu/workspace/coregalado/labs/lab4/index.php:106
[26-Feb-2018 23:28:26 UTC] PHP Warning:  Missing argument 1 for checkCategory(), called in /home/ubuntu/workspace/coregalado/labs/lab4/index.php on line 106 and defined in /home/ubuntu/workspace/coregalado/labs/lab4/index.php on line 14
[26-Feb-2018 23:28:26 UTC] PHP Stack trace:
[26-Feb-2018 23:28:26 UTC] PHP   1. {main}() /home/ubuntu/workspace/coregalado/labs/lab4/index.php:0
[26-Feb-2018 23:28:26 UTC] PHP   2. checkCategory() /home/ubuntu/workspace/coregalado/labs/lab4/index.php:106
[26-Feb-2018 23:29:11 UTC] PHP Warning:  Missing argument 1 for checkCategory(), called in /home/ubuntu/workspace/coregalado/labs/lab4/index.php on line 106 and defined in /home/ubuntu/workspace/coregalado/labs/lab4/index.php on line 14
[26-Feb-2018 23:29:11 UTC] PHP Stack trace:
[26-Feb-2018 23:29:11 UTC] PHP   1. {main}() /home/ubuntu/workspace/coregalado/labs/lab4/index.php:0
[26-Feb-2018 23:29:11 UTC] PHP   2. checkCategory() /home/ubuntu/workspace/coregalado/labs/lab4/index.php:106
[26-Feb-2018 23:29:15 UTC] PHP Warning:  Missing argument 1 for checkCategory(), called in /home/ubuntu/workspace/coregalado/labs/lab4/index.php on line 106 and defined in /home/ubuntu/workspace/coregalado/labs/lab4/index.php on line 14
[26-Feb-2018 23:29:15 UTC] PHP Stack trace:
[26-Feb-2018 23:29:15 UTC] PHP   1. {main}() /home/ubuntu/workspace/coregalado/labs/lab4/index.php:0
[26-Feb-2018 23:29:15 UTC] PHP   2. checkCategory() /home/ubuntu/workspace/coregalado/labs/lab4/index.php:106
[26-Feb-2018 23:32:25 UTC] PHP Warning:  Missing argument 1 for checkCategory(), called in /home/ubuntu/workspace/coregalado/labs/lab4/index.php on line 110 and defined in /home/ubuntu/workspace/coregalado/labs/lab4/index.php on line 18
[26-Feb-2018 23:32:25 UTC] PHP Stack trace:
[26-Feb-2018 23:32:25 UTC] PHP   1. {main}() /home/ubuntu/workspace/coregalado/labs/lab4/index.php:0
[26-Feb-2018 23:32:25 UTC] PHP   2. checkCategory() /home/ubuntu/workspace/coregalado/labs/lab4/index.php:110
[26-Feb-2018 23:32:31 UTC] PHP Warning:  Missing argument 1 for checkCategory(), called in /home/ubuntu/workspace/coregalado/labs/lab4/index.php on line 110 and defined in /home/ubuntu/workspace/coregalado/labs/lab4/index.php on line 18
[26-Feb-2018 23:32:31 UTC] PHP Stack trace:
[26-Feb-2018 23:32:31 UTC] PHP   1. {main}() /home/ubuntu/workspace/coregalado/labs/lab4/index.php:0
[26-Feb-2018 23:32:31 UTC] PHP   2. checkCategory() /home/ubuntu/workspace/coregalado/labs/lab4/index.php:110
[26-Feb-2018 23:32:37 UTC] PHP Warning:  Missing argument 1 for checkCategory(), called in /home/ubuntu/workspace/coregalado/labs/lab4/index.php on line 110 and defined in /home/ubuntu/workspace/coregalado/labs/lab4/index.php on line 18
[26-Feb-2018 23:32:37 UTC] PHP Stack trace:
[26-Feb-2018 23:32:37 UTC] PHP   1. {main}() /home/ubuntu/workspace/coregalado/labs/lab4/index.php:0
[26-Feb-2018 23:32:37 UTC] PHP   2. checkCategory() /home/ubuntu/workspace/coregalado/labs/lab4/index.php:110
[26-Feb-2018 23:32:52 UTC] PHP Warning:  Missing argument 1 for checkCategory(), called in /home/ubuntu/workspace/coregalado/labs/lab4/index.php on line 110 and defined in /home/ubuntu/workspace/coregalado/labs/lab4/index.php on line 18
[26-Feb-2018 23:32:52 UTC] PHP Stack trace:
[26-Feb-2018 23:32:52 UTC] PHP   1. {main}() /home/ubuntu/workspace/coregalado/labs/lab4/index.php:0
[26-Feb-2018 23:32:52 UTC] PHP   2. checkCategory() /home/ubuntu/workspace/coregalado/labs/lab4/index.php:110
[26-Feb-2018 23:33:02 UTC] PHP Warning:  Missing argument 1 for checkCategory(), called in /home/ubuntu/workspace/coregalado/labs/lab4/index.php on line 110 and defined in /home/ubuntu/workspace/coregalado/labs/lab4/index.php on line 18
[26-Feb-2018 23:33:02 UTC] PHP Stack trace:
[26-Feb-2018 23:33:02 UTC] PHP   1. {main}() /home/ubuntu/workspace/coregalado/labs/lab4/index.php:0
[26-Feb-2018 23:33:02 UTC] PHP   2. checkCategory() /home/ubuntu/workspace/coregalado/labs/lab4/index.php:110
[26-Feb-2018 23:33:07 UTC] PHP Warning:  Missing argument 1 for checkCategory(), called in /home/ubuntu/workspace/coregalado/labs/lab4/index.php on line 110 and defined in /home/ubuntu/workspace/coregalado/labs/lab4/index.php on line 18
[26-Feb-2018 23:33:07 UTC] PHP Stack trace:
[26-Feb-2018 23:33:07 UTC] PHP   1. {main}() /home/ubuntu/workspace/coregalado/labs/lab4/index.php:0
[26-Feb-2018 23:33:07 UTC] PHP   2. checkCategory() /home/ubuntu/workspace/coregalado/labs/lab4/index.php:110
[26-Feb-2018 23:33:12 UTC] PHP Warning:  Missing argument 1 for checkCategory(), called in /home/ubuntu/workspace/coregalado/labs/lab4/index.php on line 110 and defined in /home/ubuntu/workspace/coregalado/labs/lab4/index.php on line 18
[26-Feb-2018 23:33:12 UTC] PHP Stack trace:
[26-Feb-2018 23:33:12 UTC] PHP   1. {main}() /home/ubuntu/workspace/coregalado/labs/lab4/index.php:0
[26-Feb-2018 23:33:12 UTC] PHP   2. checkCategory() /home/ubuntu/workspace/coregalado/labs/lab4/index.php:110
[28-Feb-2018 07:27:00 UTC] PHP Fatal error:  Call to undefined function checkCategory() in /home/ubuntu/workspace/coregalado/labs/lab4/index.php on line 110
[28-Feb-2018 07:27:00 UTC] PHP Stack trace:
[28-Feb-2018 07:27:00 UTC] PHP   1. {main}() /home/ubuntu/workspace/coregalado/labs/lab4/index.php:0
[28-Feb-2018 07:27:20 UTC] PHP Fatal error:  Call to undefined function checkCategory() in /home/ubuntu/workspace/coregalado/labs/lab4/index.php on line 110
[28-Feb-2018 07:27:20 UTC] PHP Stack trace:
[28-Feb-2018 07:27:20 UTC] PHP   1. {main}() /home/ubuntu/workspace/coregalado/labs/lab4/index.php:0
[28-Feb-2018 07:27:28 UTC] PHP Warning:  Missing argument 1 for checkCategory(), called in /home/ubuntu/workspace/coregalado/labs/lab4/index.php on line 110 and defined in /home/ubuntu/workspace/coregalado/labs/lab4/index.php on line 18
[28-Feb-2018 07:27:28 UTC] PHP Stack trace:
[28-Feb-2018 07:27:28 UTC] PHP   1. {main}() /home/ubuntu/workspace/coregalado/labs/lab4/index.php:0
[28-Feb-2018 07:27:28 UTC] PHP   2. checkCategory() /home/ubuntu/workspace/coregalado/labs/lab4/index.php:110
[28-Feb-2018 07:28:16 UTC] PHP Fatal error:  Call to undefined function checkCategory() in /home/ubuntu/workspace/coregalado/labs/lab4/index.php on line 110
[28-Feb-2018 07:28:16 UTC] PHP Stack trace:
[28-Feb-2018 07:28:16 UTC] PHP   1. {main}() /home/ubuntu/workspace/coregalado/labs/lab4/index.php:0
[28-Feb-2018 07:54:15 UTC] PHP Fatal error:  Call to undefined function checkCategory() in /home/ubuntu/workspace/coregalado/labs/lab4/index.php on line 117
[28-Feb-2018 07:54:15 UTC] PHP Stack trace:
[28-Feb-2018 07:54:15 UTC] PHP   1. {main}() /home/ubuntu/workspace/coregalado/labs/lab4/index.php:0
[28-Feb-2018 07:54:19 UTC] PHP Warning:  Missing argument 1 for checkCategory(), called in /home/ubuntu/workspace/coregalado/labs/lab4/index.php on line 117 and defined in /home/ubuntu/workspace/coregalado/labs/lab4/index.php on line 18
[28-Feb-2018 07:54:19 UTC] PHP Stack trace:
[28-Feb-2018 07:54:19 UTC] PHP   1. {main}() /home/ubuntu/workspace/coregalado/labs/lab4/index.php:0
[28-Feb-2018 07:54:19 UTC] PHP   2. checkCategory() /home/ubuntu/workspace/coregalado/labs/lab4/index.php:117
[28-Feb-2018 07:55:52 UTC] PHP Warning:  Missing argument 1 for checkCategory(), called in /home/ubuntu/workspace/coregalado/labs/lab4/index.php on line 111 and defined in /home/ubuntu/workspace/coregalado/labs/lab4/index.php on line 18
[28-Feb-2018 07:55:52 UTC] PHP Stack trace:
[28-Feb-2018 07:55:52 UTC] PHP   1. {main}() /home/ubuntu/workspace/coregalado/labs/lab4/index.php:0
[28-Feb-2018 07:55:52 UTC] PHP   2. checkCategory() /home/ubuntu/workspace/coregalado/labs/lab4/index.php:111
[28-Feb-2018 07:56:39 UTC] PHP Warning:  Missing argument 1 for checkCategory(), called in /home/ubuntu/workspace/coregalado/labs/lab4/index.php on line 117 and defined in /home/ubuntu/workspace/coregalado/labs/lab4/index.php on line 18
[28-Feb-2018 07:56:39 UTC] PHP Stack trace:
[28-Feb-2018 07:56:39 UTC] PHP   1. {main}() /home/ubuntu/workspace/coregalado/labs/lab4/index.php:0
[28-Feb-2018 07:56:39 UTC] PHP   2. checkCategory() /home/ubuntu/workspace/coregalado/labs/lab4/index.php:117
[28-Feb-2018 07:56:50 UTC] PHP Warning:  Missing argument 1 for checkCategory(), called in /home/ubuntu/workspace/coregalado/labs/lab4/index.php on line 117 and defined in /home/ubuntu/workspace/coregalado/labs/lab4/index.php on line 18
[28-Feb-2018 07:56:50 UTC] PHP Stack trace:
[28-Feb-2018 07:56:50 UTC] PHP   1. {main}() /home/ubuntu/workspace/coregalado/labs/lab4/index.php:0
[28-Feb-2018 07:56:50 UTC] PHP   2. checkCategory() /home/ubuntu/workspace/coregalado/labs/lab4/index.php:117
[28-Feb-2018 07:58:37 UTC] PHP Warning:  Missing argument 1 for checkCategory(), called in /home/ubuntu/workspace/coregalado/labs/lab4/index.php on line 122 and defined in /home/ubuntu/workspace/coregalado/labs/lab4/index.php on line 18
[28-Feb-2018 07:58:37 UTC] PHP Stack trace:
[28-Feb-2018 07:58:37 UTC] PHP   1. {main}() /home/ubuntu/workspace/coregalado/labs/lab4/index.php:0
[28-Feb-2018 07:58:37 UTC] PHP   2. checkCategory() /home/ubuntu/workspace/coregalado/labs/lab4/index.php:122
[28-Feb-2018 07:58:50 UTC] PHP Warning:  Missing argument 1 for checkCategory(), called in /home/ubuntu/workspace/coregalado/labs/lab4/index.php on line 122 and defined in /home/ubuntu/workspace/coregalado/labs/lab4/index.php on line 18
[28-Feb-2018 07:58:50 UTC] PHP Stack trace:
[28-Feb-2018 07:58:50 UTC] PHP   1. {main}() /home/ubuntu/workspace/coregalado/labs/lab4/index.php:0
[28-Feb-2018 07:58:50 UTC] PHP   2. checkCategory() /home/ubuntu/workspace/coregalado/labs/lab4/index.php:122
[28-Feb-2018 08:01:58 UTC] PHP Warning:  Missing argument 1 for checkCategory(), called in /home/ubuntu/workspace/coregalado/labs/lab4/index.php on line 122 and defined in /home/ubuntu/workspace/coregalado/labs/lab4/index.php on line 18
[28-Feb-2018 08:01:58 UTC] PHP Stack trace:
[28-Feb-2018 08:01:58 UTC] PHP   1. {main}() /home/ubuntu/workspace/coregalado/labs/lab4/index.php:0
[28-Feb-2018 08:01:58 UTC] PHP   2. checkCategory() /home/ubuntu/workspace/coregalado/labs/lab4/index.php:122
[28-Feb-2018 08:02:24 UTC] PHP Warning:  Missing argument 1 for checkCategory(), called in /home/ubuntu/workspace/coregalado/labs/lab4/index.php on line 122 and defined in /home/ubuntu/workspace/coregalado/labs/lab4/index.php on line 18
[28-Feb-2018 08:02:24 UTC] PHP Stack trace:
[28-Feb-2018 08:02:24 UTC] PHP   1. {main}() /home/ubuntu/workspace/coregalado/labs/lab4/index.php:0
[28-Feb-2018 08:02:24 UTC] PHP   2. checkCategory() /home/ubuntu/workspace/coregalado/labs/lab4/index.php:122
[28-Feb-2018 08:06:16 UTC] PHP Warning:  Missing argument 1 for checkCategory(), called in /home/ubuntu/workspace/coregalado/labs/lab4/index.php on line 128 and defined in /home/ubuntu/workspace/coregalado/labs/lab4/index.php on line 18
[28-Feb-2018 08:06:16 UTC] PHP Stack trace:
[28-Feb-2018 08:06:16 UTC] PHP   1. {main}() /home/ubuntu/workspace/coregalado/labs/lab4/index.php:0
[28-Feb-2018 08:06:16 UTC] PHP   2. checkCategory() /home/ubuntu/workspace/coregalado/labs/lab4/index.php:128
[28-Feb-2018 08:12:39 UTC] PHP Fatal error:  Call to undefined function checkCategory() in /home/ubuntu/workspace/coregalado/labs/lab4/index.php on line 128
[28-Feb-2018 08:12:39 UTC] PHP Stack trace:
[28-Feb-2018 08:12:39 UTC] PHP   1. {main}() /home/ubuntu/workspace/coregalado/labs/lab4/index.php:0
[28-Feb-2018 08:14:32 UTC] PHP Fatal error:  Call to undefined function checkCategory() in /home/ubuntu/workspace/coregalado/labs/lab4/index.php on line 128
[28-Feb-2018 08:14:32 UTC] PHP Stack trace:
[28-Feb-2018 08:14:32 UTC] PHP   1. {main}() /home/ubuntu/workspace/coregalado/labs/lab4/index.php:0
[28-Feb-2018 08:17:34 UTC] PHP Warning:  Missing argument 1 for checkCategory(), called in /home/ubuntu/workspace/coregalado/labs/lab4/index.php on line 128 and defined in /home/ubuntu/workspace/coregalado/labs/lab4/index.php on line 18
[28-Feb-2018 08:17:34 UTC] PHP Stack trace:
[28-Feb-2018 08:17:34 UTC] PHP   1. {main}() /home/ubuntu/workspace/coregalado/labs/lab4/index.php:0
[28-Feb-2018 08:17:34 UTC] PHP   2. checkCategory() /home/ubuntu/workspace/coregalado/labs/lab4/index.php:128
[28-Feb-2018 08:18:56 UTC] PHP Fatal error:  Call to undefined function checkCategory() in /home/ubuntu/workspace/coregalado/labs/lab4/index.php on line 107
[28-Feb-2018 08:18:56 UTC] PHP Stack trace:
[28-Feb-2018 08:18:56 UTC] PHP   1. {main}() /home/ubuntu/workspace/coregalado/labs/lab4/index.php:0
[28-Feb-2018 22:12:20 UTC] PHP Fatal error:  Call to undefined function checkCategory() in /home/ubuntu/workspace/coregalado/labs/lab4/index.php on line 107
[28-Feb-2018 22:12:20 UTC] PHP Stack trace:
[28-Feb-2018 22:12:20 UTC] PHP   1. {main}() /home/ubuntu/workspace/coregalado/labs/lab4/index.php:0
[28-Feb-2018 22:13:30 UTC] PHP Fatal error:  Call to undefined function checkCategory() in /home/ubuntu/workspace/coregalado/labs/lab4/index.php on line 107
[28-Feb-2018 22:13:30 UTC] PHP Stack trace:
[28-Feb-2018 22:13:30 UTC] PHP   1. {main}() /home/ubuntu/workspace/coregalado/labs/lab4/index.php:0
[28-Feb-2018 22:13:46 UTC] PHP Fatal error:  Call to undefined function checkCategory() in /home/ubuntu/workspace/coregalado/labs/lab4/index.php on line 107
[28-Feb-2018 22:13:46 UTC] PHP Stack trace:
[28-Feb-2018 22:13:46 UTC] PHP   1. {main}() /home/ubuntu/workspace/coregalado/labs/lab4/index.php:0
[28-Feb-2018 22:14:11 UTC] PHP Fatal error:  Call to undefined function checkCategory() in /home/ubuntu/workspace/coregalado/labs/lab4/index.php on line 107
[28-Feb-2018 22:14:11 UTC] PHP Stack trace:
[28-Feb-2018 22:14:11 UTC] PHP   1. {main}() /home/ubuntu/workspace/coregalado/labs/lab4/index.php:0
[28-Feb-2018 22:17:36 UTC] PHP Fatal error:  Call to undefined function checkCategory() in /home/ubuntu/workspace/coregalado/labs/lab4/index.php on line 60
[28-Feb-2018 22:17:36 UTC] PHP Stack trace:
[28-Feb-2018 22:17:36 UTC] PHP   1. {main}() /home/ubuntu/workspace/coregalado/labs/lab4/index.php:0
[28-Feb-2018 22:18:48 UTC] PHP Fatal error:  Call to undefined function checkCategory() in /home/ubuntu/workspace/coregalado/labs/lab4/index.php on line 60
[28-Feb-2018 22:18:48 UTC] PHP Stack trace:
[28-Feb-2018 22:18:48 UTC] PHP   1. {main}() /home/ubuntu/workspace/coregalado/labs/lab4/index.php:0
[03-Mar-2018 04:14:39 UTC] PHP Fatal error:  Maximum execution time of 300 seconds exceeded in /home/ubuntu/workspace/coregalado/labs/lab4/index.php on line 100
[03-Mar-2018 04:14:39 UTC] PHP Stack trace:
[03-Mar-2018 04:14:39 UTC] PHP   1. {main}() /home/ubuntu/workspace/coregalado/labs/lab4/index.php:0
[03-Mar-2018 04:16:09 UTC] PHP Fatal error:  Maximum execution time of 300 seconds exceeded in /home/ubuntu/workspace/coregalado/labs/lab4/index.php on line 100
[03-Mar-2018 04:16:09 UTC] PHP Stack trace:
[03-Mar-2018 04:16:09 UTC] PHP   1. {main}() /home/ubuntu/workspace/coregalado/labs/lab4/index.php:0
[03-Mar-2018 04:32:21 UTC] PHP Fatal error:  Maximum execution time of 300 seconds exceeded in /home/ubuntu/workspace/coregalado/labs/lab4/index.php on line 111
[03-Mar-2018 04:32:21 UTC] PHP Stack trace:
[03-Mar-2018 04:32:21 UTC] PHP   1. {main}() /home/ubuntu/workspace/coregalado/labs/lab4/index.php:0
[03-Mar-2018 04:39:16 UTC] PHP Fatal error:  Maximum execution time of 300 seconds exceeded in /home/ubuntu/workspace/coregalado/labs/lab4/index.php on line 109
[03-Mar-2018 04:39:16 UTC] PHP Stack trace:
[03-Mar-2018 04:39:16 UTC] PHP   1. {main}() /home/ubuntu/workspace/coregalado/labs/lab4/index.php:0
[12-Mar-2018 22:08:25 UTC] PHP Fatal error:  Uncaught exception 'PDOException' with message 'SQLSTATE[42S02]: Base table or view not found: 1146 Table 'ottermart.om_category' doesn't exist' in /home/ubuntu/workspace/coregalado/labs/lab6/index.php:13
Stack trace:
#0 /home/ubuntu/workspace/coregalado/labs/lab6/index.php(13): PDOStatement->execute()
#1 /home/ubuntu/workspace/coregalado/labs/lab6/index.php(19): displayCategories()
#2 {main}
  thrown in /home/ubuntu/workspace/coregalado/labs/lab6/index.php on line 13
[12-Mar-2018 22:09:25 UTC] PHP Fatal error:  Uncaught exception 'PDOException' with message 'SQLSTATE[42S02]: Base table or view not found: 1146 Table 'ottermart.om_category' doesn't exist' in /home/ubuntu/workspace/coregalado/labs/lab6/index.php:13
Stack trace:
#0 /home/ubuntu/workspace/coregalado/labs/lab6/index.php(13): PDOStatement->execute()
#1 /home/ubuntu/workspace/coregalado/labs/lab6/index.php(22): displayCategories()
#2 {main}
  thrown in /home/ubuntu/workspace/coregalado/labs/lab6/index.php on line 13
[12-Mar-2018 22:09:36 UTC] PHP Warning:  include(../dbConnection.php): failed to open stream: No such file or directory in /home/ubuntu/workspace/coregalado/labs/lab6/index.php on line 3
[12-Mar-2018 22:09:36 UTC] PHP Stack trace:
[12-Mar-2018 22:09:36 UTC] PHP   1. {main}() /home/ubuntu/workspace/coregalado/labs/lab6/index.php:0
[12-Mar-2018 22:09:36 UTC] PHP Warning:  include(): Failed opening '../dbConnection.php' for inclusion (include_path='.:/usr/share/php:/usr/share/pear') in /home/ubuntu/workspace/coregalado/labs/lab6/index.php on line 3
[12-Mar-2018 22:09:36 UTC] PHP Stack trace:
[12-Mar-2018 22:09:36 UTC] PHP   1. {main}() /home/ubuntu/workspace/coregalado/labs/lab6/index.php:0
[12-Mar-2018 22:09:36 UTC] PHP Fatal error:  Call to undefined function getDatabaseConnection() in /home/ubuntu/workspace/coregalado/labs/lab6/index.php on line 5
[12-Mar-2018 22:09:36 UTC] PHP Stack trace:
[12-Mar-2018 22:09:36 UTC] PHP   1. {main}() /home/ubuntu/workspace/coregalado/labs/lab6/index.php:0
[12-Mar-2018 22:09:43 UTC] PHP Fatal error:  Uncaught exception 'PDOException' with message 'SQLSTATE[42S02]: Base table or view not found: 1146 Table 'ottermart.om_category' doesn't exist' in /home/ubuntu/workspace/coregalado/labs/lab6/index.php:13
Stack trace:
#0 /home/ubuntu/workspace/coregalado/labs/lab6/index.php(13): PDOStatement->execute()
#1 /home/ubuntu/workspace/coregalado/labs/lab6/index.php(22): displayCategories()
#2 {main}
  thrown in /home/ubuntu/workspace/coregalado/labs/lab6/index.php on line 13
[12-Mar-2018 22:09:58 UTC] PHP Fatal error:  Cannot use [] for reading in /home/ubuntu/workspace/coregalado/labs/lab6/index.php on line 23
[12-Mar-2018 22:10:22 UTC] PHP Fatal error:  Uncaught exception 'PDOException' with message 'SQLSTATE[42S02]: Base table or view not found: 1146 Table 'ottermart.om_category' doesn't exist' in /home/ubuntu/workspace/coregalado/labs/lab6/index.php:14
Stack trace:
#0 /home/ubuntu/workspace/coregalado/labs/lab6/index.php(14): PDOStatement->execute()
#1 /home/ubuntu/workspace/coregalado/labs/lab6/index.php(27): displayCategories()
#2 {main}
  thrown in /home/ubuntu/workspace/coregalado/labs/lab6/index.php on line 14
[12-Mar-2018 22:11:16 UTC] PHP Fatal error:  Uncaught exception 'PDOException' with message 'SQLSTATE[42S02]: Base table or view not found: 1146 Table 'ottermart.om_category' doesn't exist' in /home/ubuntu/workspace/coregalado/labs/lab6/index.php:14
Stack trace:
#0 /home/ubuntu/workspace/coregalado/labs/lab6/index.php(14): PDOStatement->execute()
#1 /home/ubuntu/workspace/coregalado/labs/lab6/index.php(47): displayCategories()
#2 {main}
  thrown in /home/ubuntu/workspace/coregalado/labs/lab6/index.php on line 14
[12-Mar-2018 22:11:42 UTC] PHP Fatal error:  Uncaught exception 'PDOException' with message 'SQLSTATE[42S02]: Base table or view not found: 1146 Table 'ottermart.om_category' doesn't exist' in /home/ubuntu/workspace/coregalado/labs/lab6/index.php:14
Stack trace:
#0 /home/ubuntu/workspace/coregalado/labs/lab6/index.php(14): PDOStatement->execute()
#1 /home/ubuntu/workspace/coregalado/labs/lab6/index.php(46): displayCategories()
#2 {main}
  thrown in /home/ubuntu/workspace/coregalado/labs/lab6/index.php on line 14
[12-Mar-2018 22:11:43 UTC] PHP Fatal error:  Uncaught exception 'PDOException' with message 'SQLSTATE[42S02]: Base table or view not found: 1146 Table 'ottermart.om_category' doesn't exist' in /home/ubuntu/workspace/coregalado/labs/lab6/index.php:14
Stack trace:
#0 /home/ubuntu/workspace/coregalado/labs/lab6/index.php(14): PDOStatement->execute()
#1 /home/ubuntu/workspace/coregalado/labs/lab6/index.php(46): displayCategories()
#2 {main}
  thrown in /home/ubuntu/workspace/coregalado/labs/lab6/index.php on line 14
[12-Mar-2018 22:11:44 UTC] PHP Fatal error:  Uncaught exception 'PDOException' with message 'SQLSTATE[42S02]: Base table or view not found: 1146 Table 'ottermart.om_category' doesn't exist' in /home/ubuntu/workspace/coregalado/labs/lab6/index.php:14
Stack trace:
#0 /home/ubuntu/workspace/coregalado/labs/lab6/index.php(14): PDOStatement->execute()
#1 /home/ubuntu/workspace/coregalado/labs/lab6/index.php(46): displayCategories()
#2 {main}
  thrown in /home/ubuntu/workspace/coregalado/labs/lab6/index.php on line 14
[12-Mar-2018 22:12:17 UTC] PHP Fatal error:  Uncaught exception 'PDOException' with message 'SQLSTATE[42S02]: Base table or view not found: 1146 Table 'ottermart.om_category' doesn't exist' in /home/ubuntu/workspace/coregalado/labs/lab6/index.php:14
Stack trace:
#0 /home/ubuntu/workspace/coregalado/labs/lab6/index.php(14): PDOStatement->execute()
#1 /home/ubuntu/workspace/coregalado/labs/lab6/index.php(46): displayCategories()
#2 {main}
  thrown in /home/ubuntu/workspace/coregalado/labs/lab6/index.php on line 14
[12-Mar-2018 22:13:25 UTC] PHP Fatal error:  Uncaught exception 'PDOException' with message 'SQLSTATE[42S02]: Base table or view not found: 1146 Table 'ottermart.om_category' doesn't exist' in /home/ubuntu/workspace/coregalado/labs/lab6/index.php:14
Stack trace:
#0 /home/ubuntu/workspace/coregalado/labs/lab6/index.php(14): PDOStatement->execute()
#1 /home/ubuntu/workspace/coregalado/labs/lab6/index.php(46): displayCategories()
#2 {main}
  thrown in /home/ubuntu/workspace/coregalado/labs/lab6/index.php on line 14
[12-Mar-2018 22:13:26 UTC] PHP Fatal error:  Uncaught exception 'PDOException' with message 'SQLSTATE[42S02]: Base table or view not found: 1146 Table 'ottermart.om_category' doesn't exist' in /home/ubuntu/workspace/coregalado/labs/lab6/index.php:14
Stack trace:
#0 /home/ubuntu/workspace/coregalado/labs/lab6/index.php(14): PDOStatement->execute()
#1 /home/ubuntu/workspace/coregalado/labs/lab6/index.php(46): displayCategories()
#2 {main}
  thrown in /home/ubuntu/workspace/coregalado/labs/lab6/index.php on line 14
[12-Mar-2018 22:13:27 UTC] PHP Fatal error:  Uncaught exception 'PDOException' with message 'SQLSTATE[42S02]: Base table or view not found: 1146 Table 'ottermart.om_category' doesn't exist' in /home/ubuntu/workspace/coregalado/labs/lab6/index.php:14
Stack trace:
#0 /home/ubuntu/workspace/coregalado/labs/lab6/index.php(14): PDOStatement->execute()
#1 /home/ubuntu/workspace/coregalado/labs/lab6/index.php(46): displayCategories()
#2 {main}
  thrown in /home/ubuntu/workspace/coregalado/labs/lab6/index.php on line 14
[12-Mar-2018 22:13:40 UTC] PHP Fatal error:  Uncaught exception 'PDOException' with message 'SQLSTATE[42S02]: Base table or view not found: 1146 Table 'ottermart.om_category' doesn't exist' in /home/ubuntu/workspace/coregalado/labs/lab6/index.php:14
Stack trace:
#0 /home/ubuntu/workspace/coregalado/labs/lab6/index.php(14): PDOStatement->execute()
#1 /home/ubuntu/workspace/coregalado/labs/lab6/index.php(46): displayCategories()
#2 {main}
  thrown in /home/ubuntu/workspace/coregalado/labs/lab6/index.php on line 14
[12-Mar-2018 22:15:31 UTC] PHP Fatal error:  Cannot use [] for reading in /home/ubuntu/workspace/coregalado/labs/lab6/index.php on line 29
[12-Mar-2018 22:16:37 UTC] PHP Fatal error:  Uncaught exception 'PDOException' with message 'SQLSTATE[42S02]: Base table or view not found: 1146 Table 'ottermart.om_category' doesn't exist' in /home/ubuntu/workspace/coregalado/labs/lab6/index.php:14
Stack trace:
#0 /home/ubuntu/workspace/coregalado/labs/lab6/index.php(14): PDOStatement->execute()
#1 /home/ubuntu/workspace/coregalado/labs/lab6/index.php(56): displayCategories()
#2 {main}
  thrown in /home/ubuntu/workspace/coregalado/labs/lab6/index.php on line 14
[12-Mar-2018 22:17:15 UTC] PHP Fatal error:  Uncaught exception 'PDOException' with message 'SQLSTATE[42S02]: Base table or view not found: 1146 Table 'ottermart.om_category' doesn't exist' in /home/ubuntu/workspace/coregalado/labs/lab6/index.php:14
Stack trace:
#0 /home/ubuntu/workspace/coregalado/labs/lab6/index.php(14): PDOStatement->execute()
#1 /home/ubuntu/workspace/coregalado/labs/lab6/index.php(56): displayCategories()
#2 {main}
  thrown in /home/ubuntu/workspace/coregalado/labs/lab6/index.php on line 14
[12-Mar-2018 22:39:28 UTC] PHP Fatal error:  Uncaught exception 'PDOException' with message 'SQLSTATE[42000]: Syntax error or access violation: 1064 You have an error in your SQL syntax; check the manual that corresponds to your MySQL server version for the right syntax to use near 'productName LIKE '%ball%'' at line 1' in /home/ubuntu/workspace/coregalado/labs/lab6/index.php:51
Stack trace:
#0 /home/ubuntu/workspace/coregalado/labs/lab6/index.php(51): PDOStatement->execute(Array)
#1 /home/ubuntu/workspace/coregalado/labs/lab6/index.php(104): displaySearchResults()
#2 {main}
  thrown in /home/ubuntu/workspace/coregalado/labs/lab6/index.php on line 51
[12-Mar-2018 22:39:44 UTC] PHP Fatal error:  Uncaught exception 'PDOException' with message 'SQLSTATE[42000]: Syntax error or access violation: 1064 You have an error in your SQL syntax; check the manual that corresponds to your MySQL server version for the right syntax to use near 'productName LIKE '%ball%'' at line 1' in /home/ubuntu/workspace/coregalado/labs/lab6/index.php:53
Stack trace:
#0 /home/ubuntu/workspace/coregalado/labs/lab6/index.php(53): PDOStatement->execute(Array)
#1 /home/ubuntu/workspace/coregalado/labs/lab6/index.php(106): displaySearchResults()
#2 {main}
  thrown in /home/ubuntu/workspace/coregalado/labs/lab6/index.php on line 53
[12-Mar-2018 22:41:57 UTC] PHP Fatal error:  Uncaught exception 'PDOException' with message 'SQLSTATE[42000]: Syntax error or access violation: 1064 You have an error in your SQL syntax; check the manual that corresponds to your MySQL server version for the right syntax to use near 'catId = '%5%'' at line 1' in /home/ubuntu/workspace/coregalado/labs/lab6/index.php:58
Stack trace:
#0 /home/ubuntu/workspace/coregalado/labs/lab6/index.php(58): PDOStatement->execute(Array)
#1 /home/ubuntu/workspace/coregalado/labs/lab6/index.php(111): displaySearchResults()
#2 {main}
  thrown in /home/ubuntu/workspace/coregalado/labs/lab6/index.php on line 58
[12-Mar-2018 22:42:02 UTC] PHP Fatal error:  Uncaught exception 'PDOException' with message 'SQLSTATE[42000]: Syntax error or access violation: 1064 You have an error in your SQL syntax; check the manual that corresponds to your MySQL server version for the right syntax to use near 'catId = '%4%'' at line 1' in /home/ubuntu/workspace/coregalado/labs/lab6/index.php:58
Stack trace:
#0 /home/ubuntu/workspace/coregalado/labs/lab6/index.php(58): PDOStatement->execute(Array)
#1 /home/ubuntu/workspace/coregalado/labs/lab6/index.php(111): displaySearchResults()
#2 {main}
  thrown in /home/ubuntu/workspace/coregalado/labs/lab6/index.php on line 58
[12-Mar-2018 22:44:27 UTC] PHP Parse error:  syntax error, unexpected '<' in /home/ubuntu/workspace/coregalado/labs/lab6/index.php on line 56
[23-Mar-2018 05:51:39 UTC] PHP Warning:  include(functions.php): failed to open stream: No such file or directory in /home/ubuntu/workspace/coregalado/labs/lab5/index.php on line 2
[23-Mar-2018 05:51:39 UTC] PHP Stack trace:
[23-Mar-2018 05:51:39 UTC] PHP   1. {main}() /home/ubuntu/workspace/coregalado/labs/lab5/index.php:0
[23-Mar-2018 05:51:39 UTC] PHP Warning:  include(): Failed opening 'functions.php' for inclusion (include_path='.:/usr/share/php:/usr/share/pear') in /home/ubuntu/workspace/coregalado/labs/lab5/index.php on line 2
[23-Mar-2018 05:51:39 UTC] PHP Stack trace:
[23-Mar-2018 05:51:39 UTC] PHP   1. {main}() /home/ubuntu/workspace/coregalado/labs/lab5/index.php:0
[23-Mar-2018 05:51:39 UTC] PHP Fatal error:  Call to undefined function displayResults() in /home/ubuntu/workspace/coregalado/labs/lab5/index.php on line 80
[23-Mar-2018 05:51:39 UTC] PHP Stack trace:
[23-Mar-2018 05:51:39 UTC] PHP   1. {main}() /home/ubuntu/workspace/coregalado/labs/lab5/index.php:0
[23-Mar-2018 05:52:15 UTC] PHP Warning:  include(functions.php): failed to open stream: No such file or directory in /home/ubuntu/workspace/coregalado/labs/lab5/index.php on line 2
[23-Mar-2018 05:52:15 UTC] PHP Stack trace:
[23-Mar-2018 05:52:15 UTC] PHP   1. {main}() /home/ubuntu/workspace/coregalado/labs/lab5/index.php:0
[23-Mar-2018 05:52:15 UTC] PHP Warning:  include(): Failed opening 'functions.php' for inclusion (include_path='.:/usr/share/php:/usr/share/pear') in /home/ubuntu/workspace/coregalado/labs/lab5/index.php on line 2
[23-Mar-2018 05:52:15 UTC] PHP Stack trace:
[23-Mar-2018 05:52:15 UTC] PHP   1. {main}() /home/ubuntu/workspace/coregalado/labs/lab5/index.php:0
[23-Mar-2018 05:52:15 UTC] PHP Fatal error:  Call to undefined function displayResults() in /home/ubuntu/workspace/coregalado/labs/lab5/index.php on line 80
[23-Mar-2018 05:52:15 UTC] PHP Stack trace:
[23-Mar-2018 05:52:15 UTC] PHP   1. {main}() /home/ubuntu/workspace/coregalado/labs/lab5/index.php:0
[24-Mar-2018 23:04:12 UTC] PHP Parse error:  syntax error, unexpected '"</h4></td>"' (T_CONSTANT_ENCAPSED_STRING), expecting ',' or ';' in /home/ubuntu/workspace/coregalado/labs/lab5/inc/functions.php on line 53
[24-Mar-2018 23:04:12 UTC] PHP Stack trace:
[24-Mar-2018 23:04:12 UTC] PHP   1. {main}() /home/ubuntu/workspace/coregalado/labs/lab5/index.php:0
[24-Mar-2018 23:05:53 UTC] PHP Fatal error:  Call to undefined function displayCartCount() in /home/ubuntu/workspace/coregalado/labs/lab5/scart.php on line 50
[24-Mar-2018 23:05:53 UTC] PHP Stack trace:
[24-Mar-2018 23:05:53 UTC] PHP   1. {main}() /home/ubuntu/workspace/coregalado/labs/lab5/scart.php:0
[24-Mar-2018 23:06:40 UTC] PHP Warning:  include(functions.php): failed to open stream: No such file or directory in /home/ubuntu/workspace/coregalado/labs/lab5/scart.php on line 2
[24-Mar-2018 23:06:40 UTC] PHP Stack trace:
[24-Mar-2018 23:06:40 UTC] PHP   1. {main}() /home/ubuntu/workspace/coregalado/labs/lab5/scart.php:0
[24-Mar-2018 23:06:40 UTC] PHP Warning:  include(): Failed opening 'functions.php' for inclusion (include_path='.:/usr/share/php:/usr/share/pear') in /home/ubuntu/workspace/coregalado/labs/lab5/scart.php on line 2
[24-Mar-2018 23:06:40 UTC] PHP Stack trace:
[24-Mar-2018 23:06:40 UTC] PHP   1. {main}() /home/ubuntu/workspace/coregalado/labs/lab5/scart.php:0
[24-Mar-2018 23:06:40 UTC] PHP Fatal error:  Call to undefined function displayCartCount() in /home/ubuntu/workspace/coregalado/labs/lab5/scart.php on line 51
[24-Mar-2018 23:06:40 UTC] PHP Stack trace:
[24-Mar-2018 23:06:40 UTC] PHP   1. {main}() /home/ubuntu/workspace/coregalado/labs/lab5/scart.php:0
[24-Mar-2018 23:06:50 UTC] PHP Warning:  include(functions.php): failed to open stream: No such file or directory in /home/ubuntu/workspace/coregalado/labs/lab5/scart.php on line 2
[24-Mar-2018 23:06:50 UTC] PHP Stack trace:
[24-Mar-2018 23:06:50 UTC] PHP   1. {main}() /home/ubuntu/workspace/coregalado/labs/lab5/scart.php:0
[24-Mar-2018 23:06:50 UTC] PHP Warning:  include(): Failed opening 'functions.php' for inclusion (include_path='.:/usr/share/php:/usr/share/pear') in /home/ubuntu/workspace/coregalado/labs/lab5/scart.php on line 2
[24-Mar-2018 23:06:50 UTC] PHP Stack trace:
[24-Mar-2018 23:06:50 UTC] PHP   1. {main}() /home/ubuntu/workspace/coregalado/labs/lab5/scart.php:0
[24-Mar-2018 23:06:50 UTC] PHP Fatal error:  Call to undefined function displayCartCount() in /home/ubuntu/workspace/coregalado/labs/lab5/scart.php on line 51
[24-Mar-2018 23:06:50 UTC] PHP Stack trace:
[24-Mar-2018 23:06:50 UTC] PHP   1. {main}() /home/ubuntu/workspace/coregalado/labs/lab5/scart.php:0
[24-Mar-2018 23:06:54 UTC] PHP Warning:  include(functions.php): failed to open stream: No such file or directory in /home/ubuntu/workspace/coregalado/labs/lab5/scart.php on line 2
[24-Mar-2018 23:06:54 UTC] PHP Stack trace:
[24-Mar-2018 23:06:54 UTC] PHP   1. {main}() /home/ubuntu/workspace/coregalado/labs/lab5/scart.php:0
[24-Mar-2018 23:06:54 UTC] PHP Warning:  include(): Failed opening 'functions.php' for inclusion (include_path='.:/usr/share/php:/usr/share/pear') in /home/ubuntu/workspace/coregalado/labs/lab5/scart.php on line 2
[24-Mar-2018 23:06:54 UTC] PHP Stack trace:
[24-Mar-2018 23:06:54 UTC] PHP   1. {main}() /home/ubuntu/workspace/coregalado/labs/lab5/scart.php:0
[24-Mar-2018 23:06:54 UTC] PHP Fatal error:  Call to undefined function displayCartCount() in /home/ubuntu/workspace/coregalado/labs/lab5/scart.php on line 51
[24-Mar-2018 23:06:54 UTC] PHP Stack trace:
[24-Mar-2018 23:06:54 UTC] PHP   1. {main}() /home/ubuntu/workspace/coregalado/labs/lab5/scart.php:0
[24-Mar-2018 23:07:44 UTC] PHP Warning:  include(functions.php): failed to open stream: No such file or directory in /home/ubuntu/workspace/coregalado/labs/lab5/scart.php on line 2
[24-Mar-2018 23:07:44 UTC] PHP Stack trace:
[24-Mar-2018 23:07:44 UTC] PHP   1. {main}() /home/ubuntu/workspace/coregalado/labs/lab5/scart.php:0
[24-Mar-2018 23:07:44 UTC] PHP Warning:  include(): Failed opening 'functions.php' for inclusion (include_path='.:/usr/share/php:/usr/share/pear') in /home/ubuntu/workspace/coregalado/labs/lab5/scart.php on line 2
[24-Mar-2018 23:07:44 UTC] PHP Stack trace:
[24-Mar-2018 23:07:44 UTC] PHP   1. {main}() /home/ubuntu/workspace/coregalado/labs/lab5/scart.php:0
[24-Mar-2018 23:07:44 UTC] PHP Fatal error:  Call to undefined function displayCartCount() in /home/ubuntu/workspace/coregalado/labs/lab5/scart.php on line 51
[24-Mar-2018 23:07:44 UTC] PHP Stack trace:
[24-Mar-2018 23:07:44 UTC] PHP   1. {main}() /home/ubuntu/workspace/coregalado/labs/lab5/scart.php:0
[24-Mar-2018 23:08:06 UTC] PHP Warning:  include(functions.php): failed to open stream: No such file or directory in /home/ubuntu/workspace/coregalado/labs/lab5/scart.php on line 2
[24-Mar-2018 23:08:06 UTC] PHP Stack trace:
[24-Mar-2018 23:08:06 UTC] PHP   1. {main}() /home/ubuntu/workspace/coregalado/labs/lab5/scart.php:0
[24-Mar-2018 23:08:06 UTC] PHP Warning:  include(): Failed opening 'functions.php' for inclusion (include_path='.:/usr/share/php:/usr/share/pear') in /home/ubuntu/workspace/coregalado/labs/lab5/scart.php on line 2
[24-Mar-2018 23:08:06 UTC] PHP Stack trace:
[24-Mar-2018 23:08:06 UTC] PHP   1. {main}() /home/ubuntu/workspace/coregalado/labs/lab5/scart.php:0
[24-Mar-2018 23:08:06 UTC] PHP Fatal error:  Call to undefined function displayCartCount() in /home/ubuntu/workspace/coregalado/labs/lab5/scart.php on line 51
[24-Mar-2018 23:08:06 UTC] PHP Stack trace:
[24-Mar-2018 23:08:06 UTC] PHP   1. {main}() /home/ubuntu/workspace/coregalado/labs/lab5/scart.php:0
[24-Mar-2018 23:08:32 UTC] PHP Warning:  include(functions.php): failed to open stream: No such file or directory in /home/ubuntu/workspace/coregalado/labs/lab5/scart.php on line 2
[24-Mar-2018 23:08:32 UTC] PHP Stack trace:
[24-Mar-2018 23:08:32 UTC] PHP   1. {main}() /home/ubuntu/workspace/coregalado/labs/lab5/scart.php:0
[24-Mar-2018 23:08:32 UTC] PHP Warning:  include(): Failed opening 'functions.php' for inclusion (include_path='.:/usr/share/php:/usr/share/pear') in /home/ubuntu/workspace/coregalado/labs/lab5/scart.php on line 2
[24-Mar-2018 23:08:32 UTC] PHP Stack trace:
[24-Mar-2018 23:08:32 UTC] PHP   1. {main}() /home/ubuntu/workspace/coregalado/labs/lab5/scart.php:0
[24-Mar-2018 23:08:32 UTC] PHP Fatal error:  Call to undefined function displayCartCount() in /home/ubuntu/workspace/coregalado/labs/lab5/scart.php on line 51
[24-Mar-2018 23:08:32 UTC] PHP Stack trace:
[24-Mar-2018 23:08:32 UTC] PHP   1. {main}() /home/ubuntu/workspace/coregalado/labs/lab5/scart.php:0
[24-Mar-2018 23:41:05 UTC] PHP Parse error:  syntax error, unexpected '}' in /home/ubuntu/workspace/coregalado/labs/lab5/inc/functions.php on line 40
[24-Mar-2018 23:41:05 UTC] PHP Stack trace:
[24-Mar-2018 23:41:05 UTC] PHP   1. {main}() /home/ubuntu/workspace/coregalado/labs/lab5/index.php:0
[25-Mar-2018 05:06:33 UTC] PHP Parse error:  syntax error, unexpected 'btn' (T_STRING), expecting ',' or ';' in /home/ubuntu/workspace/coregalado/labs/lab5/inc/functions.php on line 67
[25-Mar-2018 05:06:33 UTC] PHP Stack trace:
[25-Mar-2018 05:06:33 UTC] PHP   1. {main}() /home/ubuntu/workspace/coregalado/labs/lab5/index.php:0
[26-Mar-2018 22:13:08 UTC] PHP Fatal error:  Call to undefined method PDOStatement::exectute() in /home/ubuntu/workspace/coregalado/labs/lab7/loginProcess.php on line 20
[26-Mar-2018 22:13:08 UTC] PHP Stack trace:
[26-Mar-2018 22:13:08 UTC] PHP   1. {main}() /home/ubuntu/workspace/coregalado/labs/lab7/loginProcess.php:0
[26-Mar-2018 22:32:40 UTC] PHP Fatal error:  Call to undefined function getDatabaseConnection() in /home/ubuntu/workspace/coregalado/labs/lab7/admin.php on line 6
[26-Mar-2018 22:32:40 UTC] PHP Stack trace:
[26-Mar-2018 22:32:40 UTC] PHP   1. {main}() /home/ubuntu/workspace/coregalado/labs/lab7/admin.php:0
[26-Mar-2018 22:32:40 UTC] PHP   2. displayAllProducts() /home/ubuntu/workspace/coregalado/labs/lab7/admin.php:35
[26-Mar-2018 22:33:22 UTC] PHP Warning:  Illegal string offset 'productName' in /home/ubuntu/workspace/coregalado/labs/lab7/admin.php on line 19
[26-Mar-2018 22:33:22 UTC] PHP Stack trace:
[26-Mar-2018 22:33:22 UTC] PHP   1. {main}() /home/ubuntu/workspace/coregalado/labs/lab7/admin.php:0
[26-Mar-2018 22:33:22 UTC] PHP   2. displayAllProducts() /home/ubuntu/workspace/coregalado/labs/lab7/admin.php:37
[26-Mar-2018 22:33:22 UTC] PHP Warning:  Illegal string offset 'productDescription' in /home/ubuntu/workspace/coregalado/labs/lab7/admin.php on line 19
[26-Mar-2018 22:33:22 UTC] PHP Stack trace:
[26-Mar-2018 22:33:22 UTC] PHP   1. {main}() /home/ubuntu/workspace/coregalado/labs/lab7/admin.php:0
[26-Mar-2018 22:33:22 UTC] PHP   2. displayAllProducts() /home/ubuntu/workspace/coregalado/labs/lab7/admin.php:37
[26-Mar-2018 22:33:22 UTC] PHP Warning:  Illegal string offset 'price' in /home/ubuntu/workspace/coregalado/labs/lab7/admin.php on line 19
[26-Mar-2018 22:33:22 UTC] PHP Stack trace:
[26-Mar-2018 22:33:22 UTC] PHP   1. {main}() /home/ubuntu/workspace/coregalado/labs/lab7/admin.php:0
[26-Mar-2018 22:33:22 UTC] PHP   2. displayAllProducts() /home/ubuntu/workspace/coregalado/labs/lab7/admin.php:37
[26-Mar-2018 22:33:22 UTC] PHP Warning:  Illegal string offset 'productName' in /home/ubuntu/workspace/coregalado/labs/lab7/admin.php on line 19
[26-Mar-2018 22:33:22 UTC] PHP Stack trace:
[26-Mar-2018 22:33:22 UTC] PHP   1. {main}() /home/ubuntu/workspace/coregalado/labs/lab7/admin.php:0
[26-Mar-2018 22:33:22 UTC] PHP   2. displayAllProducts() /home/ubuntu/workspace/coregalado/labs/lab7/admin.php:37
[26-Mar-2018 22:33:22 UTC] PHP Warning:  Illegal string offset 'productDescription' in /home/ubuntu/workspace/coregalado/labs/lab7/admin.php on line 19
[26-Mar-2018 22:33:22 UTC] PHP Stack trace:
[26-Mar-2018 22:33:22 UTC] PHP   1. {main}() /home/ubuntu/workspace/coregalado/labs/lab7/admin.php:0
[26-Mar-2018 22:33:22 UTC] PHP   2. displayAllProducts() /home/ubuntu/workspace/coregalado/labs/lab7/admin.php:37
[26-Mar-2018 22:33:22 UTC] PHP Warning:  Illegal string offset 'price' in /home/ubuntu/workspace/coregalado/labs/lab7/admin.php on line 19
[26-Mar-2018 22:33:22 UTC] PHP Stack trace:
[26-Mar-2018 22:33:22 UTC] PHP   1. {main}() /home/ubuntu/workspace/coregalado/labs/lab7/admin.php:0
[26-Mar-2018 22:33:22 UTC] PHP   2. displayAllProducts() /home/ubuntu/workspace/coregalado/labs/lab7/admin.php:37
[26-Mar-2018 22:33:22 UTC] PHP Warning:  Illegal string offset 'productName' in /home/ubuntu/workspace/coregalado/labs/lab7/admin.php on line 19
[26-Mar-2018 22:33:22 UTC] PHP Stack trace:
[26-Mar-2018 22:33:22 UTC] PHP   1. {main}() /home/ubuntu/workspace/coregalado/labs/lab7/admin.php:0
[26-Mar-2018 22:33:22 UTC] PHP   2. displayAllProducts() /home/ubuntu/workspace/coregalado/labs/lab7/admin.php:37
[26-Mar-2018 22:33:22 UTC] PHP Warning:  Illegal string offset 'productDescription' in /home/ubuntu/workspace/coregalado/labs/lab7/admin.php on line 19
[26-Mar-2018 22:33:22 UTC] PHP Stack trace:
[26-Mar-2018 22:33:22 UTC] PHP   1. {main}() /home/ubuntu/workspace/coregalado/labs/lab7/admin.php:0
[26-Mar-2018 22:33:22 UTC] PHP   2. displayAllProducts() /home/ubuntu/workspace/coregalado/labs/lab7/admin.php:37
[26-Mar-2018 22:33:22 UTC] PHP Warning:  Illegal string offset 'price' in /home/ubuntu/workspace/coregalado/labs/lab7/admin.php on line 19
[26-Mar-2018 22:33:22 UTC] PHP Stack trace:
[26-Mar-2018 22:33:22 UTC] PHP   1. {main}() /home/ubuntu/workspace/coregalado/labs/lab7/admin.php:0
[26-Mar-2018 22:33:22 UTC] PHP   2. displayAllProducts() /home/ubuntu/workspace/coregalado/labs/lab7/admin.php:37
[26-Mar-2018 22:33:22 UTC] PHP Warning:  Illegal string offset 'productName' in /home/ubuntu/workspace/coregalado/labs/lab7/admin.php on line 19
[26-Mar-2018 22:33:22 UTC] PHP Stack trace:
[26-Mar-2018 22:33:22 UTC] PHP   1. {main}() /home/ubuntu/workspace/coregalado/labs/lab7/admin.php:0
[26-Mar-2018 22:33:22 UTC] PHP   2. displayAllProducts() /home/ubuntu/workspace/coregalado/labs/lab7/admin.php:37
[26-Mar-2018 22:33:22 UTC] PHP Warning:  Illegal string offset 'productDescription' in /home/ubuntu/workspace/coregalado/labs/lab7/admin.php on line 19
[26-Mar-2018 22:33:22 UTC] PHP Stack trace:
[26-Mar-2018 22:33:22 UTC] PHP   1. {main}() /home/ubuntu/workspace/coregalado/labs/lab7/admin.php:0
[26-Mar-2018 22:33:22 UTC] PHP   2. displayAllProducts() /home/ubuntu/workspace/coregalado/labs/lab7/admin.php:37
[26-Mar-2018 22:33:22 UTC] PHP Warning:  Illegal string offset 'price' in /home/ubuntu/workspace/coregalado/labs/lab7/admin.php on line 19
[26-Mar-2018 22:33:22 UTC] PHP Stack trace:
[26-Mar-2018 22:33:22 UTC] PHP   1. {main}() /home/ubuntu/workspace/coregalado/labs/lab7/admin.php:0
[26-Mar-2018 22:33:22 UTC] PHP   2. displayAllProducts() /home/ubuntu/workspace/coregalado/labs/lab7/admin.php:37
[26-Mar-2018 22:33:22 UTC] PHP Warning:  Illegal string offset 'productName' in /home/ubuntu/workspace/coregalado/labs/lab7/admin.php on line 19
[26-Mar-2018 22:33:22 UTC] PHP Stack trace:
[26-Mar-2018 22:33:22 UTC] PHP   1. {main}() /home/ubuntu/workspace/coregalado/labs/lab7/admin.php:0
[26-Mar-2018 22:33:22 UTC] PHP   2. displayAllProducts() /home/ubuntu/workspace/coregalado/labs/lab7/admin.php:37
[26-Mar-2018 22:33:22 UTC] PHP Warning:  Illegal string offset 'productDescription' in /home/ubuntu/workspace/coregalado/labs/lab7/admin.php on line 19
[26-Mar-2018 22:33:22 UTC] PHP Stack trace:
[26-Mar-2018 22:33:22 UTC] PHP   1. {main}() /home/ubuntu/workspace/coregalado/labs/lab7/admin.php:0
[26-Mar-2018 22:33:22 UTC] PHP   2. displayAllProducts() /home/ubuntu/workspace/coregalado/labs/lab7/admin.php:37
[26-Mar-2018 22:33:22 UTC] PHP Warning:  Illegal string offset 'price' in /home/ubuntu/workspace/coregalado/labs/lab7/admin.php on line 19
[26-Mar-2018 22:33:22 UTC] PHP Stack trace:
[26-Mar-2018 22:33:22 UTC] PHP   1. {main}() /home/ubuntu/workspace/coregalado/labs/lab7/admin.php:0
[26-Mar-2018 22:33:22 UTC] PHP   2. displayAllProducts() /home/ubuntu/workspace/coregalado/labs/lab7/admin.php:37
[26-Mar-2018 22:33:22 UTC] PHP Warning:  Illegal string offset 'productName' in /home/ubuntu/workspace/coregalado/labs/lab7/admin.php on line 19
[26-Mar-2018 22:33:22 UTC] PHP Stack trace:
[26-Mar-2018 22:33:22 UTC] PHP   1. {main}() /home/ubuntu/workspace/coregalado/labs/lab7/admin.php:0
[26-Mar-2018 22:33:22 UTC] PHP   2. displayAllProducts() /home/ubuntu/workspace/coregalado/labs/lab7/admin.php:37
[26-Mar-2018 22:33:22 UTC] PHP Warning:  Illegal string offset 'productDescription' in /home/ubuntu/workspace/coregalado/labs/lab7/admin.php on line 19
[26-Mar-2018 22:33:22 UTC] PHP Stack trace:
[26-Mar-2018 22:33:22 UTC] PHP   1. {main}() /home/ubuntu/workspace/coregalado/labs/lab7/admin.php:0
[26-Mar-2018 22:33:22 UTC] PHP   2. displayAllProducts() /home/ubuntu/workspace/coregalado/labs/lab7/admin.php:37
[26-Mar-2018 22:33:22 UTC] PHP Warning:  Illegal string offset 'price' in /home/ubuntu/workspace/coregalado/labs/lab7/admin.php on line 19
[26-Mar-2018 22:33:22 UTC] PHP Stack trace:
[26-Mar-2018 22:33:22 UTC] PHP   1. {main}() /home/ubuntu/workspace/coregalado/labs/lab7/admin.php:0
[26-Mar-2018 22:33:22 UTC] PHP   2. displayAllProducts() /home/ubuntu/workspace/coregalado/labs/lab7/admin.php:37
[26-Mar-2018 22:33:58 UTC] PHP Warning:  Illegal string offset 'productName' in /home/ubuntu/workspace/coregalado/labs/lab7/admin.php on line 19
[26-Mar-2018 22:33:58 UTC] PHP Stack trace:
[26-Mar-2018 22:33:58 UTC] PHP   1. {main}() /home/ubuntu/workspace/coregalado/labs/lab7/admin.php:0
[26-Mar-2018 22:33:58 UTC] PHP   2. displayAllProducts() /home/ubuntu/workspace/coregalado/labs/lab7/admin.php:37
[26-Mar-2018 22:33:58 UTC] PHP Warning:  Illegal string offset 'productDescription' in /home/ubuntu/workspace/coregalado/labs/lab7/admin.php on line 19
[26-Mar-2018 22:33:58 UTC] PHP Stack trace:
[26-Mar-2018 22:33:58 UTC] PHP   1. {main}() /home/ubuntu/workspace/coregalado/labs/lab7/admin.php:0
[26-Mar-2018 22:33:58 UTC] PHP   2. displayAllProducts() /home/ubuntu/workspace/coregalado/labs/lab7/admin.php:37
[26-Mar-2018 22:33:58 UTC] PHP Warning:  Illegal string offset 'price' in /home/ubuntu/workspace/coregalado/labs/lab7/admin.php on line 19
[26-Mar-2018 22:33:58 UTC] PHP Stack trace:
[26-Mar-2018 22:33:58 UTC] PHP   1. {main}() /home/ubuntu/workspace/coregalado/labs/lab7/admin.php:0
[26-Mar-2018 22:33:58 UTC] PHP   2. displayAllProducts() /home/ubuntu/workspace/coregalado/labs/lab7/admin.php:37
[26-Mar-2018 22:33:58 UTC] PHP Warning:  Illegal string offset 'productName' in /home/ubuntu/workspace/coregalado/labs/lab7/admin.php on line 19
[26-Mar-2018 22:33:58 UTC] PHP Stack trace:
[26-Mar-2018 22:33:58 UTC] PHP   1. {main}() /home/ubuntu/workspace/coregalado/labs/lab7/admin.php:0
[26-Mar-2018 22:33:58 UTC] PHP   2. displayAllProducts() /home/ubuntu/workspace/coregalado/labs/lab7/admin.php:37
[26-Mar-2018 22:33:58 UTC] PHP Warning:  Illegal string offset 'productDescription' in /home/ubuntu/workspace/coregalado/labs/lab7/admin.php on line 19
[26-Mar-2018 22:33:58 UTC] PHP Stack trace:
[26-Mar-2018 22:33:58 UTC] PHP   1. {main}() /home/ubuntu/workspace/coregalado/labs/lab7/admin.php:0
[26-Mar-2018 22:33:58 UTC] PHP   2. displayAllProducts() /home/ubuntu/workspace/coregalado/labs/lab7/admin.php:37
[26-Mar-2018 22:33:58 UTC] PHP Warning:  Illegal string offset 'price' in /home/ubuntu/workspace/coregalado/labs/lab7/admin.php on line 19
[26-Mar-2018 22:33:58 UTC] PHP Stack trace:
[26-Mar-2018 22:33:58 UTC] PHP   1. {main}() /home/ubuntu/workspace/coregalado/labs/lab7/admin.php:0
[26-Mar-2018 22:33:58 UTC] PHP   2. displayAllProducts() /home/ubuntu/workspace/coregalado/labs/lab7/admin.php:37
[26-Mar-2018 22:33:58 UTC] PHP Warning:  Illegal string offset 'productName' in /home/ubuntu/workspace/coregalado/labs/lab7/admin.php on line 19
[26-Mar-2018 22:33:58 UTC] PHP Stack trace:
[26-Mar-2018 22:33:58 UTC] PHP   1. {main}() /home/ubuntu/workspace/coregalado/labs/lab7/admin.php:0
[26-Mar-2018 22:33:58 UTC] PHP   2. displayAllProducts() /home/ubuntu/workspace/coregalado/labs/lab7/admin.php:37
[26-Mar-2018 22:33:58 UTC] PHP Warning:  Illegal string offset 'productDescription' in /home/ubuntu/workspace/coregalado/labs/lab7/admin.php on line 19
[26-Mar-2018 22:33:58 UTC] PHP Stack trace:
[26-Mar-2018 22:33:58 UTC] PHP   1. {main}() /home/ubuntu/workspace/coregalado/labs/lab7/admin.php:0
[26-Mar-2018 22:33:58 UTC] PHP   2. displayAllProducts() /home/ubuntu/workspace/coregalado/labs/lab7/admin.php:37
[26-Mar-2018 22:33:58 UTC] PHP Warning:  Illegal string offset 'price' in /home/ubuntu/workspace/coregalado/labs/lab7/admin.php on line 19
[26-Mar-2018 22:33:58 UTC] PHP Stack trace:
[26-Mar-2018 22:33:58 UTC] PHP   1. {main}() /home/ubuntu/workspace/coregalado/labs/lab7/admin.php:0
[26-Mar-2018 22:33:58 UTC] PHP   2. displayAllProducts() /home/ubuntu/workspace/coregalado/labs/lab7/admin.php:37
[26-Mar-2018 22:33:58 UTC] PHP Warning:  Illegal string offset 'productName' in /home/ubuntu/workspace/coregalado/labs/lab7/admin.php on line 19
[26-Mar-2018 22:33:58 UTC] PHP Stack trace:
[26-Mar-2018 22:33:58 UTC] PHP   1. {main}() /home/ubuntu/workspace/coregalado/labs/lab7/admin.php:0
[26-Mar-2018 22:33:58 UTC] PHP   2. displayAllProducts() /home/ubuntu/workspace/coregalado/labs/lab7/admin.php:37
[26-Mar-2018 22:33:58 UTC] PHP Warning:  Illegal string offset 'productDescription' in /home/ubuntu/workspace/coregalado/labs/lab7/admin.php on line 19
[26-Mar-2018 22:33:58 UTC] PHP Stack trace:
[26-Mar-2018 22:33:58 UTC] PHP   1. {main}() /home/ubuntu/workspace/coregalado/labs/lab7/admin.php:0
[26-Mar-2018 22:33:58 UTC] PHP   2. displayAllProducts() /home/ubuntu/workspace/coregalado/labs/lab7/admin.php:37
[26-Mar-2018 22:33:58 UTC] PHP Warning:  Illegal string offset 'price' in /home/ubuntu/workspace/coregalado/labs/lab7/admin.php on line 19
[26-Mar-2018 22:33:58 UTC] PHP Stack trace:
[26-Mar-2018 22:33:58 UTC] PHP   1. {main}() /home/ubuntu/workspace/coregalado/labs/lab7/admin.php:0
[26-Mar-2018 22:33:58 UTC] PHP   2. displayAllProducts() /home/ubuntu/workspace/coregalado/labs/lab7/admin.php:37
[26-Mar-2018 22:33:58 UTC] PHP Warning:  Illegal string offset 'productName' in /home/ubuntu/workspace/coregalado/labs/lab7/admin.php on line 19
[26-Mar-2018 22:33:58 UTC] PHP Stack trace:
[26-Mar-2018 22:33:58 UTC] PHP   1. {main}() /home/ubuntu/workspace/coregalado/labs/lab7/admin.php:0
[26-Mar-2018 22:33:58 UTC] PHP   2. displayAllProducts() /home/ubuntu/workspace/coregalado/labs/lab7/admin.php:37
[26-Mar-2018 22:33:58 UTC] PHP Warning:  Illegal string offset 'productDescription' in /home/ubuntu/workspace/coregalado/labs/lab7/admin.php on line 19
[26-Mar-2018 22:33:58 UTC] PHP Stack trace:
[26-Mar-2018 22:33:58 UTC] PHP   1. {main}() /home/ubuntu/workspace/coregalado/labs/lab7/admin.php:0
[26-Mar-2018 22:33:58 UTC] PHP   2. displayAllProducts() /home/ubuntu/workspace/coregalado/labs/lab7/admin.php:37
[26-Mar-2018 22:33:58 UTC] PHP Warning:  Illegal string offset 'price' in /home/ubuntu/workspace/coregalado/labs/lab7/admin.php on line 19
[26-Mar-2018 22:33:58 UTC] PHP Stack trace:
[26-Mar-2018 22:33:58 UTC] PHP   1. {main}() /home/ubuntu/workspace/coregalado/labs/lab7/admin.php:0
[26-Mar-2018 22:33:58 UTC] PHP   2. displayAllProducts() /home/ubuntu/workspace/coregalado/labs/lab7/admin.php:37
[26-Mar-2018 22:33:58 UTC] PHP Warning:  Illegal string offset 'productName' in /home/ubuntu/workspace/coregalado/labs/lab7/admin.php on line 19
[26-Mar-2018 22:33:58 UTC] PHP Stack trace:
[26-Mar-2018 22:33:58 UTC] PHP   1. {main}() /home/ubuntu/workspace/coregalado/labs/lab7/admin.php:0
[26-Mar-2018 22:33:58 UTC] PHP   2. displayAllProducts() /home/ubuntu/workspace/coregalado/labs/lab7/admin.php:37
[26-Mar-2018 22:33:58 UTC] PHP Warning:  Illegal string offset 'productDescription' in /home/ubuntu/workspace/coregalado/labs/lab7/admin.php on line 19
[26-Mar-2018 22:33:58 UTC] PHP Stack trace:
[26-Mar-2018 22:33:58 UTC] PHP   1. {main}() /home/ubuntu/workspace/coregalado/labs/lab7/admin.php:0
[26-Mar-2018 22:33:58 UTC] PHP   2. displayAllProducts() /home/ubuntu/workspace/coregalado/labs/lab7/admin.php:37
[26-Mar-2018 22:33:58 UTC] PHP Warning:  Illegal string offset 'price' in /home/ubuntu/workspace/coregalado/labs/lab7/admin.php on line 19
[26-Mar-2018 22:33:58 UTC] PHP Stack trace:
[26-Mar-2018 22:33:58 UTC] PHP   1. {main}() /home/ubuntu/workspace/coregalado/labs/lab7/admin.php:0
[26-Mar-2018 22:33:58 UTC] PHP   2. displayAllProducts() /home/ubuntu/workspace/coregalado/labs/lab7/admin.php:37
[26-Mar-2018 22:34:01 UTC] PHP Warning:  Illegal string offset 'productName' in /home/ubuntu/workspace/coregalado/labs/lab7/admin.php on line 19
[26-Mar-2018 22:34:01 UTC] PHP Stack trace:
[26-Mar-2018 22:34:01 UTC] PHP   1. {main}() /home/ubuntu/workspace/coregalado/labs/lab7/admin.php:0
[26-Mar-2018 22:34:01 UTC] PHP   2. displayAllProducts() /home/ubuntu/workspace/coregalado/labs/lab7/admin.php:37
[26-Mar-2018 22:34:01 UTC] PHP Warning:  Illegal string offset 'productDescription' in /home/ubuntu/workspace/coregalado/labs/lab7/admin.php on line 19
[26-Mar-2018 22:34:01 UTC] PHP Stack trace:
[26-Mar-2018 22:34:01 UTC] PHP   1. {main}() /home/ubuntu/workspace/coregalado/labs/lab7/admin.php:0
[26-Mar-2018 22:34:01 UTC] PHP   2. displayAllProducts() /home/ubuntu/workspace/coregalado/labs/lab7/admin.php:37
[26-Mar-2018 22:34:01 UTC] PHP Warning:  Illegal string offset 'price' in /home/ubuntu/workspace/coregalado/labs/lab7/admin.php on line 19
[26-Mar-2018 22:34:01 UTC] PHP Stack trace:
[26-Mar-2018 22:34:01 UTC] PHP   1. {main}() /home/ubuntu/workspace/coregalado/labs/lab7/admin.php:0
[26-Mar-2018 22:34:01 UTC] PHP   2. displayAllProducts() /home/ubuntu/workspace/coregalado/labs/lab7/admin.php:37
[26-Mar-2018 22:34:01 UTC] PHP Warning:  Illegal string offset 'productName' in /home/ubuntu/workspace/coregalado/labs/lab7/admin.php on line 19
[26-Mar-2018 22:34:01 UTC] PHP Stack trace:
[26-Mar-2018 22:34:01 UTC] PHP   1. {main}() /home/ubuntu/workspace/coregalado/labs/lab7/admin.php:0
[26-Mar-2018 22:34:01 UTC] PHP   2. displayAllProducts() /home/ubuntu/workspace/coregalado/labs/lab7/admin.php:37
[26-Mar-2018 22:34:01 UTC] PHP Warning:  Illegal string offset 'productDescription' in /home/ubuntu/workspace/coregalado/labs/lab7/admin.php on line 19
[26-Mar-2018 22:34:01 UTC] PHP Stack trace:
[26-Mar-2018 22:34:01 UTC] PHP   1. {main}() /home/ubuntu/workspace/coregalado/labs/lab7/admin.php:0
[26-Mar-2018 22:34:01 UTC] PHP   2. displayAllProducts() /home/ubuntu/workspace/coregalado/labs/lab7/admin.php:37
[26-Mar-2018 22:34:01 UTC] PHP Warning:  Illegal string offset 'price' in /home/ubuntu/workspace/coregalado/labs/lab7/admin.php on line 19
[26-Mar-2018 22:34:01 UTC] PHP Stack trace:
[26-Mar-2018 22:34:01 UTC] PHP   1. {main}() /home/ubuntu/workspace/coregalado/labs/lab7/admin.php:0
[26-Mar-2018 22:34:01 UTC] PHP   2. displayAllProducts() /home/ubuntu/workspace/coregalado/labs/lab7/admin.php:37
[26-Mar-2018 22:34:01 UTC] PHP Warning:  Illegal string offset 'productName' in /home/ubuntu/workspace/coregalado/labs/lab7/admin.php on line 19
[26-Mar-2018 22:34:01 UTC] PHP Stack trace:
[26-Mar-2018 22:34:01 UTC] PHP   1. {main}() /home/ubuntu/workspace/coregalado/labs/lab7/admin.php:0
[26-Mar-2018 22:34:01 UTC] PHP   2. displayAllProducts() /home/ubuntu/workspace/coregalado/labs/lab7/admin.php:37
[26-Mar-2018 22:34:01 UTC] PHP Warning:  Illegal string offset 'productDescription' in /home/ubuntu/workspace/coregalado/labs/lab7/admin.php on line 19
[26-Mar-2018 22:34:01 UTC] PHP Stack trace:
[26-Mar-2018 22:34:01 UTC] PHP   1. {main}() /home/ubuntu/workspace/coregalado/labs/lab7/admin.php:0
[26-Mar-2018 22:34:01 UTC] PHP   2. displayAllProducts() /home/ubuntu/workspace/coregalado/labs/lab7/admin.php:37
[26-Mar-2018 22:34:01 UTC] PHP Warning:  Illegal string offset 'price' in /home/ubuntu/workspace/coregalado/labs/lab7/admin.php on line 19
[26-Mar-2018 22:34:01 UTC] PHP Stack trace:
[26-Mar-2018 22:34:01 UTC] PHP   1. {main}() /home/ubuntu/workspace/coregalado/labs/lab7/admin.php:0
[26-Mar-2018 22:34:01 UTC] PHP   2. displayAllProducts() /home/ubuntu/workspace/coregalado/labs/lab7/admin.php:37
[26-Mar-2018 22:34:01 UTC] PHP Warning:  Illegal string offset 'productName' in /home/ubuntu/workspace/coregalado/labs/lab7/admin.php on line 19
[26-Mar-2018 22:34:01 UTC] PHP Stack trace:
[26-Mar-2018 22:34:01 UTC] PHP   1. {main}() /home/ubuntu/workspace/coregalado/labs/lab7/admin.php:0
[26-Mar-2018 22:34:01 UTC] PHP   2. displayAllProducts() /home/ubuntu/workspace/coregalado/labs/lab7/admin.php:37
[26-Mar-2018 22:34:01 UTC] PHP Warning:  Illegal string offset 'productDescription' in /home/ubuntu/workspace/coregalado/labs/lab7/admin.php on line 19
[26-Mar-2018 22:34:01 UTC] PHP Stack trace:
[26-Mar-2018 22:34:01 UTC] PHP   1. {main}() /home/ubuntu/workspace/coregalado/labs/lab7/admin.php:0
[26-Mar-2018 22:34:01 UTC] PHP   2. displayAllProducts() /home/ubuntu/workspace/coregalado/labs/lab7/admin.php:37
[26-Mar-2018 22:34:01 UTC] PHP Warning:  Illegal string offset 'price' in /home/ubuntu/workspace/coregalado/labs/lab7/admin.php on line 19
[26-Mar-2018 22:34:01 UTC] PHP Stack trace:
[26-Mar-2018 22:34:01 UTC] PHP   1. {main}() /home/ubuntu/workspace/coregalado/labs/lab7/admin.php:0
[26-Mar-2018 22:34:01 UTC] PHP   2. displayAllProducts() /home/ubuntu/workspace/coregalado/labs/lab7/admin.php:37
[26-Mar-2018 22:34:01 UTC] PHP Warning:  Illegal string offset 'productName' in /home/ubuntu/workspace/coregalado/labs/lab7/admin.php on line 19
[26-Mar-2018 22:34:01 UTC] PHP Stack trace:
[26-Mar-2018 22:34:01 UTC] PHP   1. {main}() /home/ubuntu/workspace/coregalado/labs/lab7/admin.php:0
[26-Mar-2018 22:34:01 UTC] PHP   2. displayAllProducts() /home/ubuntu/workspace/coregalado/labs/lab7/admin.php:37
[26-Mar-2018 22:34:01 UTC] PHP Warning:  Illegal string offset 'productDescription' in /home/ubuntu/workspace/coregalado/labs/lab7/admin.php on line 19
[26-Mar-2018 22:34:01 UTC] PHP Stack trace:
[26-Mar-2018 22:34:01 UTC] PHP   1. {main}() /home/ubuntu/workspace/coregalado/labs/lab7/admin.php:0
[26-Mar-2018 22:34:01 UTC] PHP   2. displayAllProducts() /home/ubuntu/workspace/coregalado/labs/lab7/admin.php:37
[26-Mar-2018 22:34:01 UTC] PHP Warning:  Illegal string offset 'price' in /home/ubuntu/workspace/coregalado/labs/lab7/admin.php on line 19
[26-Mar-2018 22:34:01 UTC] PHP Stack trace:
[26-Mar-2018 22:34:01 UTC] PHP   1. {main}() /home/ubuntu/workspace/coregalado/labs/lab7/admin.php:0
[26-Mar-2018 22:34:01 UTC] PHP   2. displayAllProducts() /home/ubuntu/workspace/coregalado/labs/lab7/admin.php:37
[26-Mar-2018 22:34:01 UTC] PHP Warning:  Illegal string offset 'productName' in /home/ubuntu/workspace/coregalado/labs/lab7/admin.php on line 19
[26-Mar-2018 22:34:01 UTC] PHP Stack trace:
[26-Mar-2018 22:34:01 UTC] PHP   1. {main}() /home/ubuntu/workspace/coregalado/labs/lab7/admin.php:0
[26-Mar-2018 22:34:01 UTC] PHP   2. displayAllProducts() /home/ubuntu/workspace/coregalado/labs/lab7/admin.php:37
[26-Mar-2018 22:34:01 UTC] PHP Warning:  Illegal string offset 'productDescription' in /home/ubuntu/workspace/coregalado/labs/lab7/admin.php on line 19
[26-Mar-2018 22:34:01 UTC] PHP Stack trace:
[26-Mar-2018 22:34:01 UTC] PHP   1. {main}() /home/ubuntu/workspace/coregalado/labs/lab7/admin.php:0
[26-Mar-2018 22:34:01 UTC] PHP   2. displayAllProducts() /home/ubuntu/workspace/coregalado/labs/lab7/admin.php:37
[26-Mar-2018 22:34:01 UTC] PHP Warning:  Illegal string offset 'price' in /home/ubuntu/workspace/coregalado/labs/lab7/admin.php on line 19
[26-Mar-2018 22:34:01 UTC] PHP Stack trace:
[26-Mar-2018 22:34:01 UTC] PHP   1. {main}() /home/ubuntu/workspace/coregalado/labs/lab7/admin.php:0
[26-Mar-2018 22:34:01 UTC] PHP   2. displayAllProducts() /home/ubuntu/workspace/coregalado/labs/lab7/admin.php:37
[09-Apr-2018 21:29:05 UTC] PHP Fatal error:  Uncaught exception 'PDOException' with message 'SQLSTATE[HY093]: Invalid parameter number: no parameters were bound' in /home/ubuntu/workspace/coregalado/labs/lab7/updateProduct.php:48
Stack trace:
#0 /home/ubuntu/workspace/coregalado/labs/lab7/updateProduct.php(48): PDOStatement->execute()
#1 {main}
  thrown in /home/ubuntu/workspace/coregalado/labs/lab7/updateProduct.php on line 48
[09-Apr-2018 21:46:37 UTC] PHP Warning:  Missing argument 1 for getDatabaseConnection(), called in /home/ubuntu/workspace/coregalado/labs/lab7/deleteProduct.php on line 5 and defined in /home/ubuntu/workspace/coregalado/dbConnection.php on line 3
[09-Apr-2018 21:46:37 UTC] PHP Stack trace:
[09-Apr-2018 21:46:37 UTC] PHP   1. {main}() /home/ubuntu/workspace/coregalado/labs/lab7/deleteProduct.php:0
[09-Apr-2018 21:46:37 UTC] PHP   2. getDatabaseConnection() /home/ubuntu/workspace/coregalado/labs/lab7/deleteProduct.php:5
[09-Apr-2018 21:46:37 UTC] PHP Fatal error:  Call to undefined function execute() in /home/ubuntu/workspace/coregalado/labs/lab7/deleteProduct.php on line 9
[09-Apr-2018 21:46:37 UTC] PHP Stack trace:
[09-Apr-2018 21:46:37 UTC] PHP   1. {main}() /home/ubuntu/workspace/coregalado/labs/lab7/deleteProduct.php:0
[09-Apr-2018 21:47:01 UTC] PHP Fatal error:  Call to undefined function execute() in /home/ubuntu/workspace/coregalado/labs/lab7/deleteProduct.php on line 9
[09-Apr-2018 21:47:01 UTC] PHP Stack trace:
[09-Apr-2018 21:47:01 UTC] PHP   1. {main}() /home/ubuntu/workspace/coregalado/labs/lab7/deleteProduct.php:0
[09-Apr-2018 21:47:28 UTC] PHP Fatal error:  Call to undefined function execute() in /home/ubuntu/workspace/coregalado/labs/lab7/deleteProduct.php on line 9
[09-Apr-2018 21:47:28 UTC] PHP Stack trace:
[09-Apr-2018 21:47:28 UTC] PHP   1. {main}() /home/ubuntu/workspace/coregalado/labs/lab7/deleteProduct.php:0
