[30-Apr-2018 22:16:37 UTC] PHP Warning:  include(../../dbConnection.php): failed to open stream: No such file or directory in /home/ubuntu/workspace/coregalado/labs/lab10/api/getPetInfo.php on line 3
[30-Apr-2018 22:16:37 UTC] PHP Stack trace:
[30-Apr-2018 22:16:37 UTC] PHP   1. {main}() /home/ubuntu/workspace/coregalado/labs/lab10/api/getPetInfo.php:0
[30-Apr-2018 22:16:37 UTC] PHP Warning:  include(): Failed opening '../../dbConnection.php' for inclusion (include_path='.:/usr/share/php:/usr/share/pear') in /home/ubuntu/workspace/coregalado/labs/lab10/api/getPetInfo.php on line 3
[30-Apr-2018 22:16:37 UTC] PHP Stack trace:
[30-Apr-2018 22:16:37 UTC] PHP   1. {main}() /home/ubuntu/workspace/coregalado/labs/lab10/api/getPetInfo.php:0
[30-Apr-2018 22:16:42 UTC] PHP Warning:  include(../../dbConnection.php): failed to open stream: No such file or directory in /home/ubuntu/workspace/coregalado/labs/lab10/api/getPetInfo.php on line 3
[30-Apr-2018 22:16:42 UTC] PHP Stack trace:
[30-Apr-2018 22:16:42 UTC] PHP   1. {main}() /home/ubuntu/workspace/coregalado/labs/lab10/api/getPetInfo.php:0
[30-Apr-2018 22:16:42 UTC] PHP Warning:  include(): Failed opening '../../dbConnection.php' for inclusion (include_path='.:/usr/share/php:/usr/share/pear') in /home/ubuntu/workspace/coregalado/labs/lab10/api/getPetInfo.php on line 3
[30-Apr-2018 22:16:42 UTC] PHP Stack trace:
[30-Apr-2018 22:16:42 UTC] PHP   1. {main}() /home/ubuntu/workspace/coregalado/labs/lab10/api/getPetInfo.php:0
[30-Apr-2018 22:17:28 UTC] PHP Warning:  Missing argument 1 for getPetInfo(), called in /home/ubuntu/workspace/coregalado/labs/lab10/api/getPetInfo.php on line 18 and defined in /home/ubuntu/workspace/coregalado/labs/lab10/api/getPetInfo.php on line 6
[30-Apr-2018 22:17:28 UTC] PHP Stack trace:
[30-Apr-2018 22:17:28 UTC] PHP   1. {main}() /home/ubuntu/workspace/coregalado/labs/lab10/api/getPetInfo.php:0
[30-Apr-2018 22:17:28 UTC] PHP   2. getPetInfo() /home/ubuntu/workspace/coregalado/labs/lab10/api/getPetInfo.php:18
[30-Apr-2018 22:17:28 UTC] PHP Fatal error:  Uncaught exception 'PDOException' with message 'SQLSTATE[42000]: Syntax error or access violation: 1064 You have an error in your SQL syntax; check the manual that corresponds to your MySQL server version for the right syntax to use near 'EQUALS' at line 1' in /home/ubuntu/workspace/coregalado/labs/lab10/api/getPetInfo.php:12
Stack trace:
#0 /home/ubuntu/workspace/coregalado/labs/lab10/api/getPetInfo.php(12): PDOStatement->execute()
#1 /home/ubuntu/workspace/coregalado/labs/lab10/api/getPetInfo.php(18): getPetInfo()
#2 {main}
  thrown in /home/ubuntu/workspace/coregalado/labs/lab10/api/getPetInfo.php on line 12
[30-Apr-2018 22:18:02 UTC] PHP Fatal error:  Uncaught exception 'PDOException' with message 'SQLSTATE[42000]: Syntax error or access violation: 1064 You have an error in your SQL syntax; check the manual that corresponds to your MySQL server version for the right syntax to use near 'EQUALS' at line 1' in /home/ubuntu/workspace/coregalado/labs/lab10/api/getPetInfo.php:11
Stack trace:
#0 /home/ubuntu/workspace/coregalado/labs/lab10/api/getPetInfo.php(11): PDOStatement->execute()
#1 {main}
  thrown in /home/ubuntu/workspace/coregalado/labs/lab10/api/getPetInfo.php on line 11
[30-Apr-2018 22:18:45 UTC] PHP Warning:  include(../../dbConnection.php): failed to open stream: No such file or directory in /home/ubuntu/workspace/coregalado/labs/lab10/api/getPetInfo.php on line 3
[30-Apr-2018 22:18:45 UTC] PHP Stack trace:
[30-Apr-2018 22:18:45 UTC] PHP   1. {main}() /home/ubuntu/workspace/coregalado/labs/lab10/api/getPetInfo.php:0
[30-Apr-2018 22:18:45 UTC] PHP Warning:  include(): Failed opening '../../dbConnection.php' for inclusion (include_path='.:/usr/share/php:/usr/share/pear') in /home/ubuntu/workspace/coregalado/labs/lab10/api/getPetInfo.php on line 3
[30-Apr-2018 22:18:45 UTC] PHP Stack trace:
[30-Apr-2018 22:18:45 UTC] PHP   1. {main}() /home/ubuntu/workspace/coregalado/labs/lab10/api/getPetInfo.php:0
[30-Apr-2018 22:18:45 UTC] PHP Fatal error:  Call to undefined function getDatabaseConnection() in /home/ubuntu/workspace/coregalado/labs/lab10/api/getPetInfo.php on line 6
[30-Apr-2018 22:18:45 UTC] PHP Stack trace:
[30-Apr-2018 22:18:45 UTC] PHP   1. {main}() /home/ubuntu/workspace/coregalado/labs/lab10/api/getPetInfo.php:0
[30-Apr-2018 22:19:54 UTC] PHP Warning:  include(../../dbConnection.php): failed to open stream: No such file or directory in /home/ubuntu/workspace/coregalado/labs/lab10/api/getPetInfo.php on line 3
[30-Apr-2018 22:19:54 UTC] PHP Stack trace:
[30-Apr-2018 22:19:54 UTC] PHP   1. {main}() /home/ubuntu/workspace/coregalado/labs/lab10/api/getPetInfo.php:0
[30-Apr-2018 22:19:54 UTC] PHP Warning:  include(): Failed opening '../../dbConnection.php' for inclusion (include_path='.:/usr/share/php:/usr/share/pear') in /home/ubuntu/workspace/coregalado/labs/lab10/api/getPetInfo.php on line 3
[30-Apr-2018 22:19:54 UTC] PHP Stack trace:
[30-Apr-2018 22:19:54 UTC] PHP   1. {main}() /home/ubuntu/workspace/coregalado/labs/lab10/api/getPetInfo.php:0
[30-Apr-2018 22:19:54 UTC] PHP Fatal error:  Call to undefined function getDatabaseConnection() in /home/ubuntu/workspace/coregalado/labs/lab10/api/getPetInfo.php on line 6
[30-Apr-2018 22:19:54 UTC] PHP Stack trace:
[30-Apr-2018 22:19:54 UTC] PHP   1. {main}() /home/ubuntu/workspace/coregalado/labs/lab10/api/getPetInfo.php:0
