[19-Feb-2018 23:28:52 UTC] PHP Fatal error:  Call to undefined function length() in /home/ubuntu/workspace/coregalado/challenges/challenge3/index.php on line 41
[19-Feb-2018 23:28:52 UTC] PHP Stack trace:
[19-Feb-2018 23:28:52 UTC] PHP   1. {main}() /home/ubuntu/workspace/coregalado/challenges/challenge3/index.php:0
[19-Feb-2018 23:28:52 UTC] PHP   2. getPassword() /home/ubuntu/workspace/coregalado/challenges/challenge3/index.php:54
[19-Feb-2018 23:35:00 UTC] PHP Fatal error:  Can't use function return value in write context in /home/ubuntu/workspace/coregalado/challenges/challenge3/index.php on line 66
[19-Feb-2018 23:35:21 UTC] PHP Warning:  Invalid argument supplied for foreach() in /home/ubuntu/workspace/coregalado/challenges/challenge3/index.php on line 67
[19-Feb-2018 23:35:21 UTC] PHP Stack trace:
[19-Feb-2018 23:35:21 UTC] PHP   1. {main}() /home/ubuntu/workspace/coregalado/challenges/challenge3/index.php:0
[12-Mar-2018 21:28:25 UTC] PHP Fatal error:  Uncaught exception 'PDOException' with message 'SQLSTATE[HY000] [1049] Unknown database 'ottrmart'' in /home/ubuntu/workspace/coregalado/challenges/challenge4/report.php:34
Stack trace:
#0 /home/ubuntu/workspace/coregalado/challenges/challenge4/report.php(34): PDO->__construct('mysql:host=loca...', 'root', '')
#1 {main}
  thrown in /home/ubuntu/workspace/coregalado/challenges/challenge4/report.php on line 34
[12-Mar-2018 21:43:00 UTC] PHP Fatal error:  Uncaught exception 'PDOException' with message 'SQLSTATE[42S02]: Base table or view not found: 1146 Table 'ottermart.user' doesn't exist' in /home/ubuntu/workspace/coregalado/challenges/challenge4/report.php:58
Stack trace:
#0 /home/ubuntu/workspace/coregalado/challenges/challenge4/report.php(58): PDOStatement->execute()
#1 {main}
  thrown in /home/ubuntu/workspace/coregalado/challenges/challenge4/report.php on line 58
[12-Mar-2018 21:43:09 UTC] PHP Fatal error:  Uncaught exception 'PDOException' with message 'SQLSTATE[42S02]: Base table or view not found: 1146 Table 'ottermart.user' doesn't exist' in /home/ubuntu/workspace/coregalado/challenges/challenge4/report.php:58
Stack trace:
#0 /home/ubuntu/workspace/coregalado/challenges/challenge4/report.php(58): PDOStatement->execute()
#1 {main}
  thrown in /home/ubuntu/workspace/coregalado/challenges/challenge4/report.php on line 58
[12-Mar-2018 21:43:11 UTC] PHP Fatal error:  Uncaught exception 'PDOException' with message 'SQLSTATE[42S02]: Base table or view not found: 1146 Table 'ottermart.user' doesn't exist' in /home/ubuntu/workspace/coregalado/challenges/challenge4/report.php:58
Stack trace:
#0 /home/ubuntu/workspace/coregalado/challenges/challenge4/report.php(58): PDOStatement->execute()
#1 {main}
  thrown in /home/ubuntu/workspace/coregalado/challenges/challenge4/report.php on line 58
[12-Mar-2018 21:43:30 UTC] PHP Fatal error:  Uncaught exception 'PDOException' with message 'SQLSTATE[42S02]: Base table or view not found: 1146 Table 'ottermart.user' doesn't exist' in /home/ubuntu/workspace/coregalado/challenges/challenge4/report.php:58
Stack trace:
#0 /home/ubuntu/workspace/coregalado/challenges/challenge4/report.php(58): PDOStatement->execute()
#1 {main}
  thrown in /home/ubuntu/workspace/coregalado/challenges/challenge4/report.php on line 58
[12-Mar-2018 21:43:37 UTC] PHP Fatal error:  Uncaught exception 'PDOException' with message 'SQLSTATE[42S02]: Base table or view not found: 1146 Table 'ottermart.user' doesn't exist' in /home/ubuntu/workspace/coregalado/challenges/challenge4/report.php:58
Stack trace:
#0 /home/ubuntu/workspace/coregalado/challenges/challenge4/report.php(58): PDOStatement->execute()
#1 {main}
  thrown in /home/ubuntu/workspace/coregalado/challenges/challenge4/report.php on line 58
[12-Mar-2018 21:44:00 UTC] PHP Fatal error:  Uncaught exception 'PDOException' with message 'SQLSTATE[42S02]: Base table or view not found: 1146 Table 'ottermart.user' doesn't exist' in /home/ubuntu/workspace/coregalado/challenges/challenge4/report.php:58
Stack trace:
#0 /home/ubuntu/workspace/coregalado/challenges/challenge4/report.php(58): PDOStatement->execute()
#1 {main}
  thrown in /home/ubuntu/workspace/coregalado/challenges/challenge4/report.php on line 58
[12-Mar-2018 21:44:27 UTC] PHP Fatal error:  Uncaught exception 'PDOException' with message 'SQLSTATE[42S02]: Base table or view not found: 1146 Table 'ottermart.user' doesn't exist' in /home/ubuntu/workspace/coregalado/challenges/challenge4/report.php:58
Stack trace:
#0 /home/ubuntu/workspace/coregalado/challenges/challenge4/report.php(58): PDOStatement->execute()
#1 {main}
  thrown in /home/ubuntu/workspace/coregalado/challenges/challenge4/report.php on line 58
[12-Mar-2018 21:55:50 UTC] PHP Fatal error:  Uncaught exception 'PDOException' with message 'SQLSTATE[42S02]: Base table or view not found: 1146 Table 'ottermart.user' doesn't exist' in /home/ubuntu/workspace/coregalado/challenges/challenge4/report.php:58
Stack trace:
#0 /home/ubuntu/workspace/coregalado/challenges/challenge4/report.php(58): PDOStatement->execute()
#1 {main}
  thrown in /home/ubuntu/workspace/coregalado/challenges/challenge4/report.php on line 58
[09-Apr-2018 22:41:32 UTC] PHP Parse error:  syntax error, unexpected ';' in /home/ubuntu/workspace/coregalado/challenges/challenge5/index.php on line 37
[09-Apr-2018 22:43:14 UTC] PHP Parse error:  syntax error, unexpected '}' in /home/ubuntu/workspace/coregalado/challenges/challenge5/index.php on line 10
[09-Apr-2018 22:43:23 UTC] PHP Parse error:  syntax error, unexpected ';' in /home/ubuntu/workspace/coregalado/challenges/challenge5/index.php on line 66
